<?xml version="1.0" encoding="UTF-8"?>
<testsuites>
  <testsuite name="D:\XAMPP\htdocs\Sistema-de-Gestion-Docente\test\unitarios" tests="527" assertions="1022" errors="2" warnings="0" failures="1" skipped="0" time="3.172258">
    <testsuite name="AnioTest" file="D:\XAMPP\htdocs\Sistema-de-Gestion-Docente\test\unitarios\AnioTest.php" tests="51" assertions="61" errors="0" warnings="0" failures="0" skipped="0" time="0.061522">
      <testsuite name="AnioTest::testRegistrar_ConAniosInvalidos" tests="9" assertions="9" errors="0" warnings="0" failures="0" skipped="0" time="0.029797">
        <testcase name="testRegistrar_ConAniosInvalidos with data set &quot;año null&quot;" class="AnioTest" classname="AnioTest" file="D:\XAMPP\htdocs\Sistema-de-Gestion-Docente\test\unitarios\AnioTest.php" line="161" assertions="1" time="0.027334"/>
        <testcase name="testRegistrar_ConAniosInvalidos with data set &quot;año vacío&quot;" class="AnioTest" classname="AnioTest" file="D:\XAMPP\htdocs\Sistema-de-Gestion-Docente\test\unitarios\AnioTest.php" line="161" assertions="1" time="0.000442"/>
        <testcase name="testRegistrar_ConAniosInvalidos with data set &quot;año con espacios&quot;" class="AnioTest" classname="AnioTest" file="D:\XAMPP\htdocs\Sistema-de-Gestion-Docente\test\unitarios\AnioTest.php" line="161" assertions="1" time="0.000285"/>
        <testcase name="testRegistrar_ConAniosInvalidos with data set &quot;año texto&quot;" class="AnioTest" classname="AnioTest" file="D:\XAMPP\htdocs\Sistema-de-Gestion-Docente\test\unitarios\AnioTest.php" line="161" assertions="1" time="0.000302"/>
        <testcase name="testRegistrar_ConAniosInvalidos with data set &quot;año negativo&quot;" class="AnioTest" classname="AnioTest" file="D:\XAMPP\htdocs\Sistema-de-Gestion-Docente\test\unitarios\AnioTest.php" line="161" assertions="1" time="0.000251"/>
        <testcase name="testRegistrar_ConAniosInvalidos with data set &quot;año cero&quot;" class="AnioTest" classname="AnioTest" file="D:\XAMPP\htdocs\Sistema-de-Gestion-Docente\test\unitarios\AnioTest.php" line="161" assertions="1" time="0.000311"/>
        <testcase name="testRegistrar_ConAniosInvalidos with data set &quot;año decimal&quot;" class="AnioTest" classname="AnioTest" file="D:\XAMPP\htdocs\Sistema-de-Gestion-Docente\test\unitarios\AnioTest.php" line="161" assertions="1" time="0.000254"/>
        <testcase name="testRegistrar_ConAniosInvalidos with data set &quot;año menor a 2000&quot;" class="AnioTest" classname="AnioTest" file="D:\XAMPP\htdocs\Sistema-de-Gestion-Docente\test\unitarios\AnioTest.php" line="161" assertions="1" time="0.000243"/>
        <testcase name="testRegistrar_ConAniosInvalidos with data set &quot;año mayor a 2100&quot;" class="AnioTest" classname="AnioTest" file="D:\XAMPP\htdocs\Sistema-de-Gestion-Docente\test\unitarios\AnioTest.php" line="161" assertions="1" time="0.000375"/>
      </testsuite>
      <testcase name="testRegistrar_ConAnioValido" class="AnioTest" classname="AnioTest" file="D:\XAMPP\htdocs\Sistema-de-Gestion-Docente\test\unitarios\AnioTest.php" line="185" assertions="2" time="0.014725"/>
      <testsuite name="AnioTest::testRegistrar_ConTiposInvalidos" tests="6" assertions="6" errors="0" warnings="0" failures="0" skipped="0" time="0.002423">
        <testcase name="testRegistrar_ConTiposInvalidos with data set &quot;tipo null&quot;" class="AnioTest" classname="AnioTest" file="D:\XAMPP\htdocs\Sistema-de-Gestion-Docente\test\unitarios\AnioTest.php" line="209" assertions="1" time="0.000414"/>
        <testcase name="testRegistrar_ConTiposInvalidos with data set &quot;tipo vacío&quot;" class="AnioTest" classname="AnioTest" file="D:\XAMPP\htdocs\Sistema-de-Gestion-Docente\test\unitarios\AnioTest.php" line="209" assertions="1" time="0.000270"/>
        <testcase name="testRegistrar_ConTiposInvalidos with data set &quot;tipo con espacios&quot;" class="AnioTest" classname="AnioTest" file="D:\XAMPP\htdocs\Sistema-de-Gestion-Docente\test\unitarios\AnioTest.php" line="209" assertions="1" time="0.000251"/>
        <testcase name="testRegistrar_ConTiposInvalidos with data set &quot;tipo inválido&quot;" class="AnioTest" classname="AnioTest" file="D:\XAMPP\htdocs\Sistema-de-Gestion-Docente\test\unitarios\AnioTest.php" line="209" assertions="1" time="0.000249"/>
        <testcase name="testRegistrar_ConTiposInvalidos with data set &quot;tipo con mayúsculas&quot;" class="AnioTest" classname="AnioTest" file="D:\XAMPP\htdocs\Sistema-de-Gestion-Docente\test\unitarios\AnioTest.php" line="209" assertions="1" time="0.000653"/>
        <testcase name="testRegistrar_ConTiposInvalidos with data set &quot;tipo número&quot;" class="AnioTest" classname="AnioTest" file="D:\XAMPP\htdocs\Sistema-de-Gestion-Docente\test\unitarios\AnioTest.php" line="209" assertions="1" time="0.000586"/>
      </testsuite>
      <testcase name="testRegistrar_ConTipoRegularValido" class="AnioTest" classname="AnioTest" file="D:\XAMPP\htdocs\Sistema-de-Gestion-Docente\test\unitarios\AnioTest.php" line="231" assertions="2" time="0.002491"/>
      <testcase name="testRegistrar_ConTipoIntensivoValido" class="AnioTest" classname="AnioTest" file="D:\XAMPP\htdocs\Sistema-de-Gestion-Docente\test\unitarios\AnioTest.php" line="252" assertions="2" time="0.000699"/>
      <testsuite name="AnioTest::testRegistrar_ConFasesInvalidas" tests="7" assertions="7" errors="0" warnings="0" failures="0" skipped="0" time="0.002306">
        <testcase name="testRegistrar_ConFasesInvalidas with data set &quot;fases null&quot;" class="AnioTest" classname="AnioTest" file="D:\XAMPP\htdocs\Sistema-de-Gestion-Docente\test\unitarios\AnioTest.php" line="276" assertions="1" time="0.000373"/>
        <testcase name="testRegistrar_ConFasesInvalidas with data set &quot;fases no es array&quot;" class="AnioTest" classname="AnioTest" file="D:\XAMPP\htdocs\Sistema-de-Gestion-Docente\test\unitarios\AnioTest.php" line="276" assertions="1" time="0.000264"/>
        <testcase name="testRegistrar_ConFasesInvalidas with data set &quot;array vacío&quot;" class="AnioTest" classname="AnioTest" file="D:\XAMPP\htdocs\Sistema-de-Gestion-Docente\test\unitarios\AnioTest.php" line="276" assertions="1" time="0.000393"/>
        <testcase name="testRegistrar_ConFasesInvalidas with data set &quot;fase 1 con apertura vacía&quot;" class="AnioTest" classname="AnioTest" file="D:\XAMPP\htdocs\Sistema-de-Gestion-Docente\test\unitarios\AnioTest.php" line="276" assertions="1" time="0.000240"/>
        <testcase name="testRegistrar_ConFasesInvalidas with data set &quot;fase 1 con cierre vacío&quot;" class="AnioTest" classname="AnioTest" file="D:\XAMPP\htdocs\Sistema-de-Gestion-Docente\test\unitarios\AnioTest.php" line="276" assertions="1" time="0.000233"/>
        <testcase name="testRegistrar_ConFasesInvalidas with data set &quot;regular sin fase 2&quot;" class="AnioTest" classname="AnioTest" file="D:\XAMPP\htdocs\Sistema-de-Gestion-Docente\test\unitarios\AnioTest.php" line="276" assertions="1" time="0.000421"/>
        <testcase name="testRegistrar_ConFasesInvalidas with data set &quot;regular con fase 2 vacía&quot;" class="AnioTest" classname="AnioTest" file="D:\XAMPP\htdocs\Sistema-de-Gestion-Docente\test\unitarios\AnioTest.php" line="276" assertions="1" time="0.000382"/>
      </testsuite>
      <testsuite name="AnioTest::testRegistrar_ConFechasInvalidas" tests="5" assertions="5" errors="0" warnings="0" failures="0" skipped="0" time="0.001997">
        <testcase name="testRegistrar_ConFechasInvalidas with data set &quot;fecha texto&quot;" class="AnioTest" classname="AnioTest" file="D:\XAMPP\htdocs\Sistema-de-Gestion-Docente\test\unitarios\AnioTest.php" line="298" assertions="1" time="0.000684"/>
        <testcase name="testRegistrar_ConFechasInvalidas with data set &quot;fecha formato incorrecto&quot;" class="AnioTest" classname="AnioTest" file="D:\XAMPP\htdocs\Sistema-de-Gestion-Docente\test\unitarios\AnioTest.php" line="298" assertions="1" time="0.000336"/>
        <testcase name="testRegistrar_ConFechasInvalidas with data set &quot;fecha sin guiones&quot;" class="AnioTest" classname="AnioTest" file="D:\XAMPP\htdocs\Sistema-de-Gestion-Docente\test\unitarios\AnioTest.php" line="298" assertions="1" time="0.000400"/>
        <testcase name="testRegistrar_ConFechasInvalidas with data set &quot;cierre antes de apertura&quot;" class="AnioTest" classname="AnioTest" file="D:\XAMPP\htdocs\Sistema-de-Gestion-Docente\test\unitarios\AnioTest.php" line="298" assertions="1" time="0.000288"/>
        <testcase name="testRegistrar_ConFechasInvalidas with data set &quot;fechas iguales&quot;" class="AnioTest" classname="AnioTest" file="D:\XAMPP\htdocs\Sistema-de-Gestion-Docente\test\unitarios\AnioTest.php" line="298" assertions="1" time="0.000288"/>
      </testsuite>
      <testcase name="testRegistrar_ConFechasValidas" class="AnioTest" classname="AnioTest" file="D:\XAMPP\htdocs\Sistema-de-Gestion-Docente\test\unitarios\AnioTest.php" line="321" assertions="2" time="0.000508"/>
      <testcase name="testRegistrar_SinMallaActiva" class="AnioTest" classname="AnioTest" file="D:\XAMPP\htdocs\Sistema-de-Gestion-Docente\test\unitarios\AnioTest.php" line="344" assertions="2" time="0.001125"/>
      <testcase name="testModificar_SinParametrosOriginales" class="AnioTest" classname="AnioTest" file="D:\XAMPP\htdocs\Sistema-de-Gestion-Docente\test\unitarios\AnioTest.php" line="368" assertions="1" time="0.000237"/>
      <testsuite name="AnioTest::testModificar_ConAniosInvalidos" tests="9" assertions="9" errors="0" warnings="0" failures="0" skipped="0" time="0.002243">
        <testcase name="testModificar_ConAniosInvalidos with data set &quot;año null&quot;" class="AnioTest" classname="AnioTest" file="D:\XAMPP\htdocs\Sistema-de-Gestion-Docente\test\unitarios\AnioTest.php" line="390" assertions="1" time="0.000348"/>
        <testcase name="testModificar_ConAniosInvalidos with data set &quot;año vacío&quot;" class="AnioTest" classname="AnioTest" file="D:\XAMPP\htdocs\Sistema-de-Gestion-Docente\test\unitarios\AnioTest.php" line="390" assertions="1" time="0.000243"/>
        <testcase name="testModificar_ConAniosInvalidos with data set &quot;año con espacios&quot;" class="AnioTest" classname="AnioTest" file="D:\XAMPP\htdocs\Sistema-de-Gestion-Docente\test\unitarios\AnioTest.php" line="390" assertions="1" time="0.000223"/>
        <testcase name="testModificar_ConAniosInvalidos with data set &quot;año texto&quot;" class="AnioTest" classname="AnioTest" file="D:\XAMPP\htdocs\Sistema-de-Gestion-Docente\test\unitarios\AnioTest.php" line="390" assertions="1" time="0.000449"/>
        <testcase name="testModificar_ConAniosInvalidos with data set &quot;año negativo&quot;" class="AnioTest" classname="AnioTest" file="D:\XAMPP\htdocs\Sistema-de-Gestion-Docente\test\unitarios\AnioTest.php" line="390" assertions="1" time="0.000210"/>
        <testcase name="testModificar_ConAniosInvalidos with data set &quot;año cero&quot;" class="AnioTest" classname="AnioTest" file="D:\XAMPP\htdocs\Sistema-de-Gestion-Docente\test\unitarios\AnioTest.php" line="390" assertions="1" time="0.000210"/>
        <testcase name="testModificar_ConAniosInvalidos with data set &quot;año decimal&quot;" class="AnioTest" classname="AnioTest" file="D:\XAMPP\htdocs\Sistema-de-Gestion-Docente\test\unitarios\AnioTest.php" line="390" assertions="1" time="0.000196"/>
        <testcase name="testModificar_ConAniosInvalidos with data set &quot;año menor a 2000&quot;" class="AnioTest" classname="AnioTest" file="D:\XAMPP\htdocs\Sistema-de-Gestion-Docente\test\unitarios\AnioTest.php" line="390" assertions="1" time="0.000194"/>
        <testcase name="testModificar_ConAniosInvalidos with data set &quot;año mayor a 2100&quot;" class="AnioTest" classname="AnioTest" file="D:\XAMPP\htdocs\Sistema-de-Gestion-Docente\test\unitarios\AnioTest.php" line="390" assertions="1" time="0.000169"/>
      </testsuite>
      <testcase name="testEliminar_ConAnioNull" class="AnioTest" classname="AnioTest" file="D:\XAMPP\htdocs\Sistema-de-Gestion-Docente\test\unitarios\AnioTest.php" line="417" assertions="1" time="0.000181"/>
      <testcase name="testEliminar_ConTipoNull" class="AnioTest" classname="AnioTest" file="D:\XAMPP\htdocs\Sistema-de-Gestion-Docente\test\unitarios\AnioTest.php" line="434" assertions="1" time="0.000148"/>
      <testcase name="testEliminar_AnioExistente" class="AnioTest" classname="AnioTest" file="D:\XAMPP\htdocs\Sistema-de-Gestion-Docente\test\unitarios\AnioTest.php" line="451" assertions="2" time="0.000693"/>
      <testcase name="testSetAndGetAnio" class="AnioTest" classname="AnioTest" file="D:\XAMPP\htdocs\Sistema-de-Gestion-Docente\test\unitarios\AnioTest.php" line="476" assertions="1" time="0.000167"/>
      <testcase name="testSetAndGetTipo" class="AnioTest" classname="AnioTest" file="D:\XAMPP\htdocs\Sistema-de-Gestion-Docente\test\unitarios\AnioTest.php" line="485" assertions="1" time="0.000212"/>
      <testcase name="testSetAndGetActivo" class="AnioTest" classname="AnioTest" file="D:\XAMPP\htdocs\Sistema-de-Gestion-Docente\test\unitarios\AnioTest.php" line="494" assertions="1" time="0.000235"/>
      <testcase name="testSetAndGetFases" class="AnioTest" classname="AnioTest" file="D:\XAMPP\htdocs\Sistema-de-Gestion-Docente\test\unitarios\AnioTest.php" line="503" assertions="1" time="0.000144"/>
      <testcase name="testVerificar_ConMallaActiva" class="AnioTest" classname="AnioTest" file="D:\XAMPP\htdocs\Sistema-de-Gestion-Docente\test\unitarios\AnioTest.php" line="518" assertions="3" time="0.000284"/>
      <testcase name="testVerificar_SinMallaActiva" class="AnioTest" classname="AnioTest" file="D:\XAMPP\htdocs\Sistema-de-Gestion-Docente\test\unitarios\AnioTest.php" line="539" assertions="3" time="0.000906"/>
    </testsuite>
    <testsuite name="AreaTest" file="D:\XAMPP\htdocs\Sistema-de-Gestion-Docente\test\unitarios\AreaTest.php" tests="32" assertions="46" errors="0" warnings="0" failures="0" skipped="0" time="0.227028">
      <testcase name="testSetAndGetArea" class="AreaTest" classname="AreaTest" file="D:\XAMPP\htdocs\Sistema-de-Gestion-Docente\test\unitarios\AreaTest.php" line="69" assertions="1" time="0.001943"/>
      <testcase name="testSetAndGetDescripcion" class="AreaTest" classname="AreaTest" file="D:\XAMPP\htdocs\Sistema-de-Gestion-Docente\test\unitarios\AreaTest.php" line="75" assertions="1" time="0.001768"/>
      <testsuite name="AreaTest::testRegistrar_ConNombresInvalidos" tests="5" assertions="5" errors="0" warnings="0" failures="0" skipped="0" time="0.078592">
        <testcase name="testRegistrar_ConNombresInvalidos with data set &quot;nombre null&quot;" class="AreaTest" classname="AreaTest" file="D:\XAMPP\htdocs\Sistema-de-Gestion-Docente\test\unitarios\AreaTest.php" line="85" assertions="1" time="0.016794"/>
        <testcase name="testRegistrar_ConNombresInvalidos with data set &quot;nombre vacío&quot;" class="AreaTest" classname="AreaTest" file="D:\XAMPP\htdocs\Sistema-de-Gestion-Docente\test\unitarios\AreaTest.php" line="85" assertions="1" time="0.014578"/>
        <testcase name="testRegistrar_ConNombresInvalidos with data set &quot;nombre espacios&quot;" class="AreaTest" classname="AreaTest" file="D:\XAMPP\htdocs\Sistema-de-Gestion-Docente\test\unitarios\AreaTest.php" line="85" assertions="1" time="0.014031"/>
        <testcase name="testRegistrar_ConNombresInvalidos with data set &quot;nombre muy corto&quot;" class="AreaTest" classname="AreaTest" file="D:\XAMPP\htdocs\Sistema-de-Gestion-Docente\test\unitarios\AreaTest.php" line="85" assertions="1" time="0.016036"/>
        <testcase name="testRegistrar_ConNombresInvalidos with data set &quot;nombre muy largo&quot;" class="AreaTest" classname="AreaTest" file="D:\XAMPP\htdocs\Sistema-de-Gestion-Docente\test\unitarios\AreaTest.php" line="85" assertions="1" time="0.017152"/>
      </testsuite>
      <testsuite name="AreaTest::testRegistrar_ConDescripcionesInvalidas" tests="1" assertions="1" errors="0" warnings="0" failures="0" skipped="0" time="0.012124">
        <testcase name="testRegistrar_ConDescripcionesInvalidas with data set &quot;descripción muy larga&quot;" class="AreaTest" classname="AreaTest" file="D:\XAMPP\htdocs\Sistema-de-Gestion-Docente\test\unitarios\AreaTest.php" line="101" assertions="1" time="0.012124"/>
      </testsuite>
      <testsuite name="AreaTest::testRegistrar_ConNombresValidos" tests="3" assertions="6" errors="0" warnings="0" failures="0" skipped="0" time="0.009612">
        <testcase name="testRegistrar_ConNombresValidos with data set &quot;nombre mínimo&quot;" class="AreaTest" classname="AreaTest" file="D:\XAMPP\htdocs\Sistema-de-Gestion-Docente\test\unitarios\AreaTest.php" line="117" assertions="2" time="0.003669"/>
        <testcase name="testRegistrar_ConNombresValidos with data set &quot;nombre normal&quot;" class="AreaTest" classname="AreaTest" file="D:\XAMPP\htdocs\Sistema-de-Gestion-Docente\test\unitarios\AreaTest.php" line="117" assertions="2" time="0.002906"/>
        <testcase name="testRegistrar_ConNombresValidos with data set &quot;nombre máximo&quot;" class="AreaTest" classname="AreaTest" file="D:\XAMPP\htdocs\Sistema-de-Gestion-Docente\test\unitarios\AreaTest.php" line="117" assertions="2" time="0.003037"/>
      </testsuite>
      <testcase name="testRegistrar_AreaYaExisteActiva" class="AreaTest" classname="AreaTest" file="D:\XAMPP\htdocs\Sistema-de-Gestion-Docente\test\unitarios\AreaTest.php" line="133" assertions="2" time="0.002852"/>
      <testcase name="testRegistrar_ReactivarAreaInactiva" class="AreaTest" classname="AreaTest" file="D:\XAMPP\htdocs\Sistema-de-Gestion-Docente\test\unitarios\AreaTest.php" line="159" assertions="2" time="0.004823"/>
      <testcase name="testModificar_SinParametroOriginal" class="AreaTest" classname="AreaTest" file="D:\XAMPP\htdocs\Sistema-de-Gestion-Docente\test\unitarios\AreaTest.php" line="195" assertions="2" time="0.001896"/>
      <testsuite name="AreaTest::testModificar_ConNombresInvalidos" tests="5" assertions="5" errors="0" warnings="0" failures="0" skipped="0" time="0.038741">
        <testcase name="testModificar_ConNombresInvalidos with data set &quot;nombre null&quot;" class="AreaTest" classname="AreaTest" file="D:\XAMPP\htdocs\Sistema-de-Gestion-Docente\test\unitarios\AreaTest.php" line="210" assertions="1" time="0.001590"/>
        <testcase name="testModificar_ConNombresInvalidos with data set &quot;nombre vacío&quot;" class="AreaTest" classname="AreaTest" file="D:\XAMPP\htdocs\Sistema-de-Gestion-Docente\test\unitarios\AreaTest.php" line="210" assertions="1" time="0.022758"/>
        <testcase name="testModificar_ConNombresInvalidos with data set &quot;nombre espacios&quot;" class="AreaTest" classname="AreaTest" file="D:\XAMPP\htdocs\Sistema-de-Gestion-Docente\test\unitarios\AreaTest.php" line="210" assertions="1" time="0.001575"/>
        <testcase name="testModificar_ConNombresInvalidos with data set &quot;nombre muy corto&quot;" class="AreaTest" classname="AreaTest" file="D:\XAMPP\htdocs\Sistema-de-Gestion-Docente\test\unitarios\AreaTest.php" line="210" assertions="1" time="0.001138"/>
        <testcase name="testModificar_ConNombresInvalidos with data set &quot;nombre muy largo&quot;" class="AreaTest" classname="AreaTest" file="D:\XAMPP\htdocs\Sistema-de-Gestion-Docente\test\unitarios\AreaTest.php" line="210" assertions="1" time="0.011679"/>
      </testsuite>
      <testsuite name="AreaTest::testModificar_ConDescripcionesInvalidas" tests="1" assertions="1" errors="0" warnings="0" failures="0" skipped="0" time="0.001308">
        <testcase name="testModificar_ConDescripcionesInvalidas with data set &quot;descripción muy larga&quot;" class="AreaTest" classname="AreaTest" file="D:\XAMPP\htdocs\Sistema-de-Gestion-Docente\test\unitarios\AreaTest.php" line="224" assertions="1" time="0.001308"/>
      </testsuite>
      <testcase name="testModificar_NombreNoExiste" class="AreaTest" classname="AreaTest" file="D:\XAMPP\htdocs\Sistema-de-Gestion-Docente\test\unitarios\AreaTest.php" line="237" assertions="2" time="0.013936"/>
      <testcase name="testModificar_NombreYaExiste" class="AreaTest" classname="AreaTest" file="D:\XAMPP\htdocs\Sistema-de-Gestion-Docente\test\unitarios\AreaTest.php" line="263" assertions="2" time="0.002842"/>
      <testsuite name="AreaTest::testEliminar_ConNombresInvalidos" tests="5" assertions="5" errors="0" warnings="0" failures="0" skipped="0" time="0.040128">
        <testcase name="testEliminar_ConNombresInvalidos with data set &quot;nombre null&quot;" class="AreaTest" classname="AreaTest" file="D:\XAMPP\htdocs\Sistema-de-Gestion-Docente\test\unitarios\AreaTest.php" line="283" assertions="1" time="0.011134"/>
        <testcase name="testEliminar_ConNombresInvalidos with data set &quot;nombre vacío&quot;" class="AreaTest" classname="AreaTest" file="D:\XAMPP\htdocs\Sistema-de-Gestion-Docente\test\unitarios\AreaTest.php" line="283" assertions="1" time="0.001798"/>
        <testcase name="testEliminar_ConNombresInvalidos with data set &quot;nombre espacios&quot;" class="AreaTest" classname="AreaTest" file="D:\XAMPP\htdocs\Sistema-de-Gestion-Docente\test\unitarios\AreaTest.php" line="283" assertions="1" time="0.001376"/>
        <testcase name="testEliminar_ConNombresInvalidos with data set &quot;nombre muy corto&quot;" class="AreaTest" classname="AreaTest" file="D:\XAMPP\htdocs\Sistema-de-Gestion-Docente\test\unitarios\AreaTest.php" line="283" assertions="1" time="0.011016"/>
        <testcase name="testEliminar_ConNombresInvalidos with data set &quot;nombre muy largo&quot;" class="AreaTest" classname="AreaTest" file="D:\XAMPP\htdocs\Sistema-de-Gestion-Docente\test\unitarios\AreaTest.php" line="283" assertions="1" time="0.014804"/>
      </testsuite>
      <testcase name="testEliminar_AreaExiste" class="AreaTest" classname="AreaTest" file="D:\XAMPP\htdocs\Sistema-de-Gestion-Docente\test\unitarios\AreaTest.php" line="295" assertions="2" time="0.004077"/>
      <testcase name="testEliminar_AreaNoExiste" class="AreaTest" classname="AreaTest" file="D:\XAMPP\htdocs\Sistema-de-Gestion-Docente\test\unitarios\AreaTest.php" line="320" assertions="2" time="0.002953"/>
      <testcase name="testExiste_AreaActiva" class="AreaTest" classname="AreaTest" file="D:\XAMPP\htdocs\Sistema-de-Gestion-Docente\test\unitarios\AreaTest.php" line="338" assertions="3" time="0.002853"/>
      <testcase name="testExiste_AreaNoExiste" class="AreaTest" classname="AreaTest" file="D:\XAMPP\htdocs\Sistema-de-Gestion-Docente\test\unitarios\AreaTest.php" line="362" assertions="2" time="0.004010"/>
      <testcase name="testExiste_ConExclusion" class="AreaTest" classname="AreaTest" file="D:\XAMPP\htdocs\Sistema-de-Gestion-Docente\test\unitarios\AreaTest.php" line="385" assertions="2" time="0.002571"/>
    </testsuite>
    <testsuite name="CategoriaTest" file="D:\XAMPP\htdocs\Sistema-de-Gestion-Docente\test\unitarios\CategoriaTest.php" tests="34" assertions="50" errors="0" warnings="0" failures="0" skipped="0" time="0.179441">
      <testcase name="testSetAndGetCategoria" class="CategoriaTest" classname="CategoriaTest" file="D:\XAMPP\htdocs\Sistema-de-Gestion-Docente\test\unitarios\CategoriaTest.php" line="68" assertions="1" time="0.001870"/>
      <testcase name="testSetAndGetDescripcion" class="CategoriaTest" classname="CategoriaTest" file="D:\XAMPP\htdocs\Sistema-de-Gestion-Docente\test\unitarios\CategoriaTest.php" line="74" assertions="1" time="0.001968"/>
      <testsuite name="CategoriaTest::testRegistrar_ConNombresInvalidos" tests="5" assertions="5" errors="0" warnings="0" failures="0" skipped="0" time="0.053504">
        <testcase name="testRegistrar_ConNombresInvalidos with data set &quot;nombre null&quot;" class="CategoriaTest" classname="CategoriaTest" file="D:\XAMPP\htdocs\Sistema-de-Gestion-Docente\test\unitarios\CategoriaTest.php" line="84" assertions="1" time="0.002720"/>
        <testcase name="testRegistrar_ConNombresInvalidos with data set &quot;nombre vacío&quot;" class="CategoriaTest" classname="CategoriaTest" file="D:\XAMPP\htdocs\Sistema-de-Gestion-Docente\test\unitarios\CategoriaTest.php" line="84" assertions="1" time="0.003442"/>
        <testcase name="testRegistrar_ConNombresInvalidos with data set &quot;nombre espacios&quot;" class="CategoriaTest" classname="CategoriaTest" file="D:\XAMPP\htdocs\Sistema-de-Gestion-Docente\test\unitarios\CategoriaTest.php" line="84" assertions="1" time="0.015494"/>
        <testcase name="testRegistrar_ConNombresInvalidos with data set &quot;nombre muy corto&quot;" class="CategoriaTest" classname="CategoriaTest" file="D:\XAMPP\htdocs\Sistema-de-Gestion-Docente\test\unitarios\CategoriaTest.php" line="84" assertions="1" time="0.003966"/>
        <testcase name="testRegistrar_ConNombresInvalidos with data set &quot;nombre muy largo&quot;" class="CategoriaTest" classname="CategoriaTest" file="D:\XAMPP\htdocs\Sistema-de-Gestion-Docente\test\unitarios\CategoriaTest.php" line="84" assertions="1" time="0.027882"/>
      </testsuite>
      <testsuite name="CategoriaTest::testRegistrar_ConDescripcionesInvalidas" tests="1" assertions="1" errors="0" warnings="0" failures="0" skipped="0" time="0.004571">
        <testcase name="testRegistrar_ConDescripcionesInvalidas with data set &quot;descripción muy larga&quot;" class="CategoriaTest" classname="CategoriaTest" file="D:\XAMPP\htdocs\Sistema-de-Gestion-Docente\test\unitarios\CategoriaTest.php" line="100" assertions="1" time="0.004571"/>
      </testsuite>
      <testsuite name="CategoriaTest::testRegistrar_ConNombresValidos" tests="3" assertions="6" errors="0" warnings="0" failures="0" skipped="0" time="0.012800">
        <testcase name="testRegistrar_ConNombresValidos with data set &quot;nombre mínimo&quot;" class="CategoriaTest" classname="CategoriaTest" file="D:\XAMPP\htdocs\Sistema-de-Gestion-Docente\test\unitarios\CategoriaTest.php" line="116" assertions="2" time="0.004261"/>
        <testcase name="testRegistrar_ConNombresValidos with data set &quot;nombre normal&quot;" class="CategoriaTest" classname="CategoriaTest" file="D:\XAMPP\htdocs\Sistema-de-Gestion-Docente\test\unitarios\CategoriaTest.php" line="116" assertions="2" time="0.003955"/>
        <testcase name="testRegistrar_ConNombresValidos with data set &quot;nombre máximo&quot;" class="CategoriaTest" classname="CategoriaTest" file="D:\XAMPP\htdocs\Sistema-de-Gestion-Docente\test\unitarios\CategoriaTest.php" line="116" assertions="2" time="0.004584"/>
      </testsuite>
      <testcase name="testRegistrar_CategoriaYaExisteActiva" class="CategoriaTest" classname="CategoriaTest" file="D:\XAMPP\htdocs\Sistema-de-Gestion-Docente\test\unitarios\CategoriaTest.php" line="132" assertions="2" time="0.003559"/>
      <testcase name="testRegistrar_ReactivarCategoriaInactiva" class="CategoriaTest" classname="CategoriaTest" file="D:\XAMPP\htdocs\Sistema-de-Gestion-Docente\test\unitarios\CategoriaTest.php" line="157" assertions="2" time="0.003802"/>
      <testcase name="testModificar_SinParametroOriginal" class="CategoriaTest" classname="CategoriaTest" file="D:\XAMPP\htdocs\Sistema-de-Gestion-Docente\test\unitarios\CategoriaTest.php" line="182" assertions="2" time="0.001788"/>
      <testsuite name="CategoriaTest::testModificar_ConNombresInvalidos" tests="5" assertions="5" errors="0" warnings="0" failures="0" skipped="0" time="0.010307">
        <testcase name="testModificar_ConNombresInvalidos with data set &quot;nombre null&quot;" class="CategoriaTest" classname="CategoriaTest" file="D:\XAMPP\htdocs\Sistema-de-Gestion-Docente\test\unitarios\CategoriaTest.php" line="197" assertions="1" time="0.002635"/>
        <testcase name="testModificar_ConNombresInvalidos with data set &quot;nombre vacío&quot;" class="CategoriaTest" classname="CategoriaTest" file="D:\XAMPP\htdocs\Sistema-de-Gestion-Docente\test\unitarios\CategoriaTest.php" line="197" assertions="1" time="0.002068"/>
        <testcase name="testModificar_ConNombresInvalidos with data set &quot;nombre espacios&quot;" class="CategoriaTest" classname="CategoriaTest" file="D:\XAMPP\htdocs\Sistema-de-Gestion-Docente\test\unitarios\CategoriaTest.php" line="197" assertions="1" time="0.001659"/>
        <testcase name="testModificar_ConNombresInvalidos with data set &quot;nombre muy corto&quot;" class="CategoriaTest" classname="CategoriaTest" file="D:\XAMPP\htdocs\Sistema-de-Gestion-Docente\test\unitarios\CategoriaTest.php" line="197" assertions="1" time="0.001664"/>
        <testcase name="testModificar_ConNombresInvalidos with data set &quot;nombre muy largo&quot;" class="CategoriaTest" classname="CategoriaTest" file="D:\XAMPP\htdocs\Sistema-de-Gestion-Docente\test\unitarios\CategoriaTest.php" line="197" assertions="1" time="0.002280"/>
      </testsuite>
      <testsuite name="CategoriaTest::testModificar_ConDescripcionesInvalidas" tests="1" assertions="1" errors="0" warnings="0" failures="0" skipped="0" time="0.002278">
        <testcase name="testModificar_ConDescripcionesInvalidas with data set &quot;descripción muy larga&quot;" class="CategoriaTest" classname="CategoriaTest" file="D:\XAMPP\htdocs\Sistema-de-Gestion-Docente\test\unitarios\CategoriaTest.php" line="211" assertions="1" time="0.002278"/>
      </testsuite>
      <testcase name="testModificar_CategoriaNoExiste" class="CategoriaTest" classname="CategoriaTest" file="D:\XAMPP\htdocs\Sistema-de-Gestion-Docente\test\unitarios\CategoriaTest.php" line="224" assertions="2" time="0.016806"/>
      <testcase name="testModificar_SinCambios" class="CategoriaTest" classname="CategoriaTest" file="D:\XAMPP\htdocs\Sistema-de-Gestion-Docente\test\unitarios\CategoriaTest.php" line="249" assertions="2" time="0.004543"/>
      <testcase name="testModificar_NombreYaExiste" class="CategoriaTest" classname="CategoriaTest" file="D:\XAMPP\htdocs\Sistema-de-Gestion-Docente\test\unitarios\CategoriaTest.php" line="277" assertions="2" time="0.004124"/>
      <testsuite name="CategoriaTest::testEliminar_ConNombresInvalidos" tests="5" assertions="5" errors="0" warnings="0" failures="0" skipped="0" time="0.035086">
        <testcase name="testEliminar_ConNombresInvalidos with data set &quot;nombre null&quot;" class="CategoriaTest" classname="CategoriaTest" file="D:\XAMPP\htdocs\Sistema-de-Gestion-Docente\test\unitarios\CategoriaTest.php" line="307" assertions="1" time="0.002499"/>
        <testcase name="testEliminar_ConNombresInvalidos with data set &quot;nombre vacío&quot;" class="CategoriaTest" classname="CategoriaTest" file="D:\XAMPP\htdocs\Sistema-de-Gestion-Docente\test\unitarios\CategoriaTest.php" line="307" assertions="1" time="0.002185"/>
        <testcase name="testEliminar_ConNombresInvalidos with data set &quot;nombre espacios&quot;" class="CategoriaTest" classname="CategoriaTest" file="D:\XAMPP\htdocs\Sistema-de-Gestion-Docente\test\unitarios\CategoriaTest.php" line="307" assertions="1" time="0.001998"/>
        <testcase name="testEliminar_ConNombresInvalidos with data set &quot;nombre muy corto&quot;" class="CategoriaTest" classname="CategoriaTest" file="D:\XAMPP\htdocs\Sistema-de-Gestion-Docente\test\unitarios\CategoriaTest.php" line="307" assertions="1" time="0.026130"/>
        <testcase name="testEliminar_ConNombresInvalidos with data set &quot;nombre muy largo&quot;" class="CategoriaTest" classname="CategoriaTest" file="D:\XAMPP\htdocs\Sistema-de-Gestion-Docente\test\unitarios\CategoriaTest.php" line="307" assertions="1" time="0.002274"/>
      </testsuite>
      <testcase name="testEliminar_CategoriaExiste" class="CategoriaTest" classname="CategoriaTest" file="D:\XAMPP\htdocs\Sistema-de-Gestion-Docente\test\unitarios\CategoriaTest.php" line="319" assertions="2" time="0.003335"/>
      <testcase name="testEliminar_CategoriaNoExiste" class="CategoriaTest" classname="CategoriaTest" file="D:\XAMPP\htdocs\Sistema-de-Gestion-Docente\test\unitarios\CategoriaTest.php" line="343" assertions="2" time="0.003890"/>
      <testcase name="testEliminar_CategoriaYaDesactivada" class="CategoriaTest" classname="CategoriaTest" file="D:\XAMPP\htdocs\Sistema-de-Gestion-Docente\test\unitarios\CategoriaTest.php" line="367" assertions="2" time="0.003881"/>
      <testcase name="testExiste_CategoriaActiva" class="CategoriaTest" classname="CategoriaTest" file="D:\XAMPP\htdocs\Sistema-de-Gestion-Docente\test\unitarios\CategoriaTest.php" line="391" assertions="3" time="0.004346"/>
      <testcase name="testExiste_CategoriaNoExiste" class="CategoriaTest" classname="CategoriaTest" file="D:\XAMPP\htdocs\Sistema-de-Gestion-Docente\test\unitarios\CategoriaTest.php" line="414" assertions="2" time="0.002833"/>
      <testcase name="testExiste_ConExclusion" class="CategoriaTest" classname="CategoriaTest" file="D:\XAMPP\htdocs\Sistema-de-Gestion-Docente\test\unitarios\CategoriaTest.php" line="436" assertions="2" time="0.004148"/>
    </testsuite>
    <testsuite name="CoordinacionTest" file="D:\XAMPP\htdocs\Sistema-de-Gestion-Docente\test\unitarios\CoordinacionTest.php" tests="29" assertions="34" errors="0" warnings="0" failures="0" skipped="0" time="0.184645">
      <testcase name="testSetAndGetNombre" class="CoordinacionTest" classname="CoordinacionTest" file="D:\XAMPP\htdocs\Sistema-de-Gestion-Docente\test\unitarios\CoordinacionTest.php" line="69" assertions="1" time="0.015508"/>
      <testcase name="testSetAndGetHoraDescarga" class="CoordinacionTest" classname="CoordinacionTest" file="D:\XAMPP\htdocs\Sistema-de-Gestion-Docente\test\unitarios\CoordinacionTest.php" line="78" assertions="1" time="0.001711"/>
      <testsuite name="CoordinacionTest::testSetHoraDescarga_ConHorasInvalidas" tests="4" assertions="4" errors="0" warnings="0" failures="0" skipped="0" time="0.042874">
        <testcase name="testSetHoraDescarga_ConHorasInvalidas with data set &quot;hora 0&quot;" class="CoordinacionTest" classname="CoordinacionTest" file="D:\XAMPP\htdocs\Sistema-de-Gestion-Docente\test\unitarios\CoordinacionTest.php" line="88" assertions="1" time="0.014618"/>
        <testcase name="testSetHoraDescarga_ConHorasInvalidas with data set &quot;hora negativa&quot;" class="CoordinacionTest" classname="CoordinacionTest" file="D:\XAMPP\htdocs\Sistema-de-Gestion-Docente\test\unitarios\CoordinacionTest.php" line="88" assertions="1" time="0.001748"/>
        <testcase name="testSetHoraDescarga_ConHorasInvalidas with data set &quot;hora 100&quot;" class="CoordinacionTest" classname="CoordinacionTest" file="D:\XAMPP\htdocs\Sistema-de-Gestion-Docente\test\unitarios\CoordinacionTest.php" line="88" assertions="1" time="0.002097"/>
        <testcase name="testSetHoraDescarga_ConHorasInvalidas with data set &quot;hora 150&quot;" class="CoordinacionTest" classname="CoordinacionTest" file="D:\XAMPP\htdocs\Sistema-de-Gestion-Docente\test\unitarios\CoordinacionTest.php" line="88" assertions="1" time="0.024410"/>
      </testsuite>
      <testsuite name="CoordinacionTest::testSetHoraDescarga_ConHorasValidas" tests="3" assertions="3" errors="0" warnings="0" failures="0" skipped="0" time="0.005217">
        <testcase name="testSetHoraDescarga_ConHorasValidas with data set &quot;hora 1&quot;" class="CoordinacionTest" classname="CoordinacionTest" file="D:\XAMPP\htdocs\Sistema-de-Gestion-Docente\test\unitarios\CoordinacionTest.php" line="98" assertions="1" time="0.001952"/>
        <testcase name="testSetHoraDescarga_ConHorasValidas with data set &quot;hora 50&quot;" class="CoordinacionTest" classname="CoordinacionTest" file="D:\XAMPP\htdocs\Sistema-de-Gestion-Docente\test\unitarios\CoordinacionTest.php" line="98" assertions="1" time="0.001643"/>
        <testcase name="testSetHoraDescarga_ConHorasValidas with data set &quot;hora 99&quot;" class="CoordinacionTest" classname="CoordinacionTest" file="D:\XAMPP\htdocs\Sistema-de-Gestion-Docente\test\unitarios\CoordinacionTest.php" line="98" assertions="1" time="0.001623"/>
      </testsuite>
      <testsuite name="CoordinacionTest::testRegistrar_ConNombresInvalidos" tests="5" assertions="5" errors="0" warnings="0" failures="0" skipped="0" time="0.028355">
        <testcase name="testRegistrar_ConNombresInvalidos with data set &quot;nombre null&quot;" class="CoordinacionTest" classname="CoordinacionTest" file="D:\XAMPP\htdocs\Sistema-de-Gestion-Docente\test\unitarios\CoordinacionTest.php" line="108" assertions="1" time="0.002084"/>
        <testcase name="testRegistrar_ConNombresInvalidos with data set &quot;nombre vacío&quot;" class="CoordinacionTest" classname="CoordinacionTest" file="D:\XAMPP\htdocs\Sistema-de-Gestion-Docente\test\unitarios\CoordinacionTest.php" line="108" assertions="1" time="0.001548"/>
        <testcase name="testRegistrar_ConNombresInvalidos with data set &quot;nombre espacios&quot;" class="CoordinacionTest" classname="CoordinacionTest" file="D:\XAMPP\htdocs\Sistema-de-Gestion-Docente\test\unitarios\CoordinacionTest.php" line="108" assertions="1" time="0.019914"/>
        <testcase name="testRegistrar_ConNombresInvalidos with data set &quot;nombre muy corto&quot;" class="CoordinacionTest" classname="CoordinacionTest" file="D:\XAMPP\htdocs\Sistema-de-Gestion-Docente\test\unitarios\CoordinacionTest.php" line="108" assertions="1" time="0.002617"/>
        <testcase name="testRegistrar_ConNombresInvalidos with data set &quot;nombre muy largo&quot;" class="CoordinacionTest" classname="CoordinacionTest" file="D:\XAMPP\htdocs\Sistema-de-Gestion-Docente\test\unitarios\CoordinacionTest.php" line="108" assertions="1" time="0.002193"/>
      </testsuite>
      <testsuite name="CoordinacionTest::testModificar_ConNombresInvalidos" tests="5" assertions="5" errors="0" warnings="0" failures="0" skipped="0" time="0.036272">
        <testcase name="testModificar_ConNombresInvalidos with data set &quot;nombre null&quot;" class="CoordinacionTest" classname="CoordinacionTest" file="D:\XAMPP\htdocs\Sistema-de-Gestion-Docente\test\unitarios\CoordinacionTest.php" line="122" assertions="1" time="0.026180"/>
        <testcase name="testModificar_ConNombresInvalidos with data set &quot;nombre vacío&quot;" class="CoordinacionTest" classname="CoordinacionTest" file="D:\XAMPP\htdocs\Sistema-de-Gestion-Docente\test\unitarios\CoordinacionTest.php" line="122" assertions="1" time="0.002567"/>
        <testcase name="testModificar_ConNombresInvalidos with data set &quot;nombre espacios&quot;" class="CoordinacionTest" classname="CoordinacionTest" file="D:\XAMPP\htdocs\Sistema-de-Gestion-Docente\test\unitarios\CoordinacionTest.php" line="122" assertions="1" time="0.002165"/>
        <testcase name="testModificar_ConNombresInvalidos with data set &quot;nombre muy corto&quot;" class="CoordinacionTest" classname="CoordinacionTest" file="D:\XAMPP\htdocs\Sistema-de-Gestion-Docente\test\unitarios\CoordinacionTest.php" line="122" assertions="1" time="0.003052"/>
        <testcase name="testModificar_ConNombresInvalidos with data set &quot;nombre muy largo&quot;" class="CoordinacionTest" classname="CoordinacionTest" file="D:\XAMPP\htdocs\Sistema-de-Gestion-Docente\test\unitarios\CoordinacionTest.php" line="122" assertions="1" time="0.002308"/>
      </testsuite>
      <testcase name="testModificar_SinNombreOriginal" class="CoordinacionTest" classname="CoordinacionTest" file="D:\XAMPP\htdocs\Sistema-de-Gestion-Docente\test\unitarios\CoordinacionTest.php" line="136" assertions="2" time="0.002186"/>
      <testcase name="testModificar_CoordinacionNoExiste" class="CoordinacionTest" classname="CoordinacionTest" file="D:\XAMPP\htdocs\Sistema-de-Gestion-Docente\test\unitarios\CoordinacionTest.php" line="150" assertions="2" time="0.029375"/>
      <testcase name="testModificar_SinCambios" class="CoordinacionTest" classname="CoordinacionTest" file="D:\XAMPP\htdocs\Sistema-de-Gestion-Docente\test\unitarios\CoordinacionTest.php" line="175" assertions="2" time="0.003272"/>
      <testsuite name="CoordinacionTest::testEliminar_ConNombresInvalidos" tests="5" assertions="5" errors="0" warnings="0" failures="0" skipped="0" time="0.011172">
        <testcase name="testEliminar_ConNombresInvalidos with data set &quot;nombre null&quot;" class="CoordinacionTest" classname="CoordinacionTest" file="D:\XAMPP\htdocs\Sistema-de-Gestion-Docente\test\unitarios\CoordinacionTest.php" line="204" assertions="1" time="0.002557"/>
        <testcase name="testEliminar_ConNombresInvalidos with data set &quot;nombre vacío&quot;" class="CoordinacionTest" classname="CoordinacionTest" file="D:\XAMPP\htdocs\Sistema-de-Gestion-Docente\test\unitarios\CoordinacionTest.php" line="204" assertions="1" time="0.001972"/>
        <testcase name="testEliminar_ConNombresInvalidos with data set &quot;nombre espacios&quot;" class="CoordinacionTest" classname="CoordinacionTest" file="D:\XAMPP\htdocs\Sistema-de-Gestion-Docente\test\unitarios\CoordinacionTest.php" line="204" assertions="1" time="0.001884"/>
        <testcase name="testEliminar_ConNombresInvalidos with data set &quot;nombre muy corto&quot;" class="CoordinacionTest" classname="CoordinacionTest" file="D:\XAMPP\htdocs\Sistema-de-Gestion-Docente\test\unitarios\CoordinacionTest.php" line="204" assertions="1" time="0.002523"/>
        <testcase name="testEliminar_ConNombresInvalidos with data set &quot;nombre muy largo&quot;" class="CoordinacionTest" classname="CoordinacionTest" file="D:\XAMPP\htdocs\Sistema-de-Gestion-Docente\test\unitarios\CoordinacionTest.php" line="204" assertions="1" time="0.002236"/>
      </testsuite>
      <testcase name="testEliminar_CoordinacionNoExiste" class="CoordinacionTest" classname="CoordinacionTest" file="D:\XAMPP\htdocs\Sistema-de-Gestion-Docente\test\unitarios\CoordinacionTest.php" line="216" assertions="2" time="0.004378"/>
      <testcase name="testEliminar_CoordinacionYaDesactivada" class="CoordinacionTest" classname="CoordinacionTest" file="D:\XAMPP\htdocs\Sistema-de-Gestion-Docente\test\unitarios\CoordinacionTest.php" line="239" assertions="2" time="0.004325"/>
    </testsuite>
    <testsuite name="EjeTest" file="D:\XAMPP\htdocs\Sistema-de-Gestion-Docente\test\unitarios\EjeTest.php" tests="34" assertions="50" errors="0" warnings="0" failures="0" skipped="0" time="0.242328">
      <testcase name="testSetAndGetEje" class="EjeTest" classname="EjeTest" file="D:\XAMPP\htdocs\Sistema-de-Gestion-Docente\test\unitarios\EjeTest.php" line="68" assertions="1" time="0.002130"/>
      <testcase name="testSetAndGetDescripcion" class="EjeTest" classname="EjeTest" file="D:\XAMPP\htdocs\Sistema-de-Gestion-Docente\test\unitarios\EjeTest.php" line="74" assertions="1" time="0.017682"/>
      <testsuite name="EjeTest::testRegistrar_ConNombresInvalidos" tests="5" assertions="5" errors="0" warnings="0" failures="0" skipped="0" time="0.040343">
        <testcase name="testRegistrar_ConNombresInvalidos with data set &quot;nombre null&quot;" class="EjeTest" classname="EjeTest" file="D:\XAMPP\htdocs\Sistema-de-Gestion-Docente\test\unitarios\EjeTest.php" line="84" assertions="1" time="0.007356"/>
        <testcase name="testRegistrar_ConNombresInvalidos with data set &quot;nombre vacío&quot;" class="EjeTest" classname="EjeTest" file="D:\XAMPP\htdocs\Sistema-de-Gestion-Docente\test\unitarios\EjeTest.php" line="84" assertions="1" time="0.007291"/>
        <testcase name="testRegistrar_ConNombresInvalidos with data set &quot;nombre espacios&quot;" class="EjeTest" classname="EjeTest" file="D:\XAMPP\htdocs\Sistema-de-Gestion-Docente\test\unitarios\EjeTest.php" line="84" assertions="1" time="0.004835"/>
        <testcase name="testRegistrar_ConNombresInvalidos with data set &quot;nombre muy corto&quot;" class="EjeTest" classname="EjeTest" file="D:\XAMPP\htdocs\Sistema-de-Gestion-Docente\test\unitarios\EjeTest.php" line="84" assertions="1" time="0.006042"/>
        <testcase name="testRegistrar_ConNombresInvalidos with data set &quot;nombre muy largo&quot;" class="EjeTest" classname="EjeTest" file="D:\XAMPP\htdocs\Sistema-de-Gestion-Docente\test\unitarios\EjeTest.php" line="84" assertions="1" time="0.014821"/>
      </testsuite>
      <testsuite name="EjeTest::testRegistrar_ConDescripcionesInvalidas" tests="1" assertions="1" errors="0" warnings="0" failures="0" skipped="0" time="0.004441">
        <testcase name="testRegistrar_ConDescripcionesInvalidas with data set &quot;descripción muy larga&quot;" class="EjeTest" classname="EjeTest" file="D:\XAMPP\htdocs\Sistema-de-Gestion-Docente\test\unitarios\EjeTest.php" line="100" assertions="1" time="0.004441"/>
      </testsuite>
      <testsuite name="EjeTest::testRegistrar_ConNombresValidos" tests="3" assertions="6" errors="0" warnings="0" failures="0" skipped="0" time="0.061202">
        <testcase name="testRegistrar_ConNombresValidos with data set &quot;nombre mínimo&quot;" class="EjeTest" classname="EjeTest" file="D:\XAMPP\htdocs\Sistema-de-Gestion-Docente\test\unitarios\EjeTest.php" line="116" assertions="2" time="0.027984"/>
        <testcase name="testRegistrar_ConNombresValidos with data set &quot;nombre normal&quot;" class="EjeTest" classname="EjeTest" file="D:\XAMPP\htdocs\Sistema-de-Gestion-Docente\test\unitarios\EjeTest.php" line="116" assertions="2" time="0.028137"/>
        <testcase name="testRegistrar_ConNombresValidos with data set &quot;nombre máximo&quot;" class="EjeTest" classname="EjeTest" file="D:\XAMPP\htdocs\Sistema-de-Gestion-Docente\test\unitarios\EjeTest.php" line="116" assertions="2" time="0.005081"/>
      </testsuite>
      <testcase name="testRegistrar_EjeYaExisteActivo" class="EjeTest" classname="EjeTest" file="D:\XAMPP\htdocs\Sistema-de-Gestion-Docente\test\unitarios\EjeTest.php" line="132" assertions="2" time="0.005649"/>
      <testcase name="testRegistrar_ReactivarEjeInactivo" class="EjeTest" classname="EjeTest" file="D:\XAMPP\htdocs\Sistema-de-Gestion-Docente\test\unitarios\EjeTest.php" line="157" assertions="2" time="0.005658"/>
      <testcase name="testModificar_SinParametroOriginal" class="EjeTest" classname="EjeTest" file="D:\XAMPP\htdocs\Sistema-de-Gestion-Docente\test\unitarios\EjeTest.php" line="182" assertions="2" time="0.003033"/>
      <testsuite name="EjeTest::testModificar_ConNombresInvalidos" tests="5" assertions="5" errors="0" warnings="0" failures="0" skipped="0" time="0.014009">
        <testcase name="testModificar_ConNombresInvalidos with data set &quot;nombre null&quot;" class="EjeTest" classname="EjeTest" file="D:\XAMPP\htdocs\Sistema-de-Gestion-Docente\test\unitarios\EjeTest.php" line="197" assertions="1" time="0.002819"/>
        <testcase name="testModificar_ConNombresInvalidos with data set &quot;nombre vacío&quot;" class="EjeTest" classname="EjeTest" file="D:\XAMPP\htdocs\Sistema-de-Gestion-Docente\test\unitarios\EjeTest.php" line="197" assertions="1" time="0.003668"/>
        <testcase name="testModificar_ConNombresInvalidos with data set &quot;nombre espacios&quot;" class="EjeTest" classname="EjeTest" file="D:\XAMPP\htdocs\Sistema-de-Gestion-Docente\test\unitarios\EjeTest.php" line="197" assertions="1" time="0.002345"/>
        <testcase name="testModificar_ConNombresInvalidos with data set &quot;nombre muy corto&quot;" class="EjeTest" classname="EjeTest" file="D:\XAMPP\htdocs\Sistema-de-Gestion-Docente\test\unitarios\EjeTest.php" line="197" assertions="1" time="0.003016"/>
        <testcase name="testModificar_ConNombresInvalidos with data set &quot;nombre muy largo&quot;" class="EjeTest" classname="EjeTest" file="D:\XAMPP\htdocs\Sistema-de-Gestion-Docente\test\unitarios\EjeTest.php" line="197" assertions="1" time="0.002161"/>
      </testsuite>
      <testsuite name="EjeTest::testModificar_ConDescripcionesInvalidas" tests="1" assertions="1" errors="0" warnings="0" failures="0" skipped="0" time="0.001947">
        <testcase name="testModificar_ConDescripcionesInvalidas with data set &quot;descripción muy larga&quot;" class="EjeTest" classname="EjeTest" file="D:\XAMPP\htdocs\Sistema-de-Gestion-Docente\test\unitarios\EjeTest.php" line="211" assertions="1" time="0.001947"/>
      </testsuite>
      <testcase name="testModificar_EjeNoExiste" class="EjeTest" classname="EjeTest" file="D:\XAMPP\htdocs\Sistema-de-Gestion-Docente\test\unitarios\EjeTest.php" line="224" assertions="2" time="0.004990"/>
      <testcase name="testModificar_SinCambios" class="EjeTest" classname="EjeTest" file="D:\XAMPP\htdocs\Sistema-de-Gestion-Docente\test\unitarios\EjeTest.php" line="249" assertions="2" time="0.005258"/>
      <testcase name="testModificar_NombreYaExiste" class="EjeTest" classname="EjeTest" file="D:\XAMPP\htdocs\Sistema-de-Gestion-Docente\test\unitarios\EjeTest.php" line="277" assertions="2" time="0.027299"/>
      <testsuite name="EjeTest::testEliminar_ConNombresInvalidos" tests="5" assertions="5" errors="0" warnings="0" failures="0" skipped="0" time="0.012251">
        <testcase name="testEliminar_ConNombresInvalidos with data set &quot;nombre null&quot;" class="EjeTest" classname="EjeTest" file="D:\XAMPP\htdocs\Sistema-de-Gestion-Docente\test\unitarios\EjeTest.php" line="307" assertions="1" time="0.001911"/>
        <testcase name="testEliminar_ConNombresInvalidos with data set &quot;nombre vacío&quot;" class="EjeTest" classname="EjeTest" file="D:\XAMPP\htdocs\Sistema-de-Gestion-Docente\test\unitarios\EjeTest.php" line="307" assertions="1" time="0.002873"/>
        <testcase name="testEliminar_ConNombresInvalidos with data set &quot;nombre espacios&quot;" class="EjeTest" classname="EjeTest" file="D:\XAMPP\htdocs\Sistema-de-Gestion-Docente\test\unitarios\EjeTest.php" line="307" assertions="1" time="0.002545"/>
        <testcase name="testEliminar_ConNombresInvalidos with data set &quot;nombre muy corto&quot;" class="EjeTest" classname="EjeTest" file="D:\XAMPP\htdocs\Sistema-de-Gestion-Docente\test\unitarios\EjeTest.php" line="307" assertions="1" time="0.002375"/>
        <testcase name="testEliminar_ConNombresInvalidos with data set &quot;nombre muy largo&quot;" class="EjeTest" classname="EjeTest" file="D:\XAMPP\htdocs\Sistema-de-Gestion-Docente\test\unitarios\EjeTest.php" line="307" assertions="1" time="0.002547"/>
      </testsuite>
      <testcase name="testEliminar_EjeExiste" class="EjeTest" classname="EjeTest" file="D:\XAMPP\htdocs\Sistema-de-Gestion-Docente\test\unitarios\EjeTest.php" line="319" assertions="2" time="0.015980"/>
      <testcase name="testEliminar_EjeNoExiste" class="EjeTest" classname="EjeTest" file="D:\XAMPP\htdocs\Sistema-de-Gestion-Docente\test\unitarios\EjeTest.php" line="343" assertions="2" time="0.003337"/>
      <testcase name="testEliminar_EjeYaDesactivado" class="EjeTest" classname="EjeTest" file="D:\XAMPP\htdocs\Sistema-de-Gestion-Docente\test\unitarios\EjeTest.php" line="367" assertions="2" time="0.004654"/>
      <testcase name="testExiste_EjeActivo" class="EjeTest" classname="EjeTest" file="D:\XAMPP\htdocs\Sistema-de-Gestion-Docente\test\unitarios\EjeTest.php" line="391" assertions="3" time="0.004419"/>
      <testcase name="testExiste_EjeNoExiste" class="EjeTest" classname="EjeTest" file="D:\XAMPP\htdocs\Sistema-de-Gestion-Docente\test\unitarios\EjeTest.php" line="414" assertions="2" time="0.004091"/>
      <testcase name="testExiste_ConExclusion" class="EjeTest" classname="EjeTest" file="D:\XAMPP\htdocs\Sistema-de-Gestion-Docente\test\unitarios\EjeTest.php" line="436" assertions="2" time="0.003956"/>
    </testsuite>
    <testsuite name="EspaciosTest" file="D:\XAMPP\htdocs\Sistema-de-Gestion-Docente\test\unitarios\EspaciosTest.php" tests="29" assertions="33" errors="0" warnings="0" failures="0" skipped="0" time="0.144753">
      <testcase name="testSetAndGetNumero" class="EspaciosTest" classname="EspaciosTest" file="D:\XAMPP\htdocs\Sistema-de-Gestion-Docente\test\unitarios\EspaciosTest.php" line="61" assertions="1" time="0.001978"/>
      <testcase name="testSetAndGetEdificio" class="EspaciosTest" classname="EspaciosTest" file="D:\XAMPP\htdocs\Sistema-de-Gestion-Docente\test\unitarios\EspaciosTest.php" line="70" assertions="1" time="0.001975"/>
      <testcase name="testSetAndGetTipo" class="EspaciosTest" classname="EspaciosTest" file="D:\XAMPP\htdocs\Sistema-de-Gestion-Docente\test\unitarios\EspaciosTest.php" line="79" assertions="1" time="0.002310"/>
      <testsuite name="EspaciosTest::testRegistrar_ConNumerosInvalidos" tests="4" assertions="4" errors="0" warnings="0" failures="0" skipped="0" time="0.031331">
        <testcase name="testRegistrar_ConNumerosInvalidos with data set &quot;número null&quot;" class="EspaciosTest" classname="EspaciosTest" file="D:\XAMPP\htdocs\Sistema-de-Gestion-Docente\test\unitarios\EspaciosTest.php" line="89" assertions="1" time="0.001914"/>
        <testcase name="testRegistrar_ConNumerosInvalidos with data set &quot;número vacío&quot;" class="EspaciosTest" classname="EspaciosTest" file="D:\XAMPP\htdocs\Sistema-de-Gestion-Docente\test\unitarios\EspaciosTest.php" line="89" assertions="1" time="0.025204"/>
        <testcase name="testRegistrar_ConNumerosInvalidos with data set &quot;número espacios&quot;" class="EspaciosTest" classname="EspaciosTest" file="D:\XAMPP\htdocs\Sistema-de-Gestion-Docente\test\unitarios\EspaciosTest.php" line="89" assertions="1" time="0.001861"/>
        <testcase name="testRegistrar_ConNumerosInvalidos with data set &quot;número muy largo&quot;" class="EspaciosTest" classname="EspaciosTest" file="D:\XAMPP\htdocs\Sistema-de-Gestion-Docente\test\unitarios\EspaciosTest.php" line="89" assertions="1" time="0.002353"/>
      </testsuite>
      <testsuite name="EspaciosTest::testRegistrar_ConEdificiosInvalidos" tests="4" assertions="4" errors="0" warnings="0" failures="0" skipped="0" time="0.026986">
        <testcase name="testRegistrar_ConEdificiosInvalidos with data set &quot;edificio null&quot;" class="EspaciosTest" classname="EspaciosTest" file="D:\XAMPP\htdocs\Sistema-de-Gestion-Docente\test\unitarios\EspaciosTest.php" line="104" assertions="1" time="0.003183"/>
        <testcase name="testRegistrar_ConEdificiosInvalidos with data set &quot;edificio vacío&quot;" class="EspaciosTest" classname="EspaciosTest" file="D:\XAMPP\htdocs\Sistema-de-Gestion-Docente\test\unitarios\EspaciosTest.php" line="104" assertions="1" time="0.002612"/>
        <testcase name="testRegistrar_ConEdificiosInvalidos with data set &quot;edificio espacios&quot;" class="EspaciosTest" classname="EspaciosTest" file="D:\XAMPP\htdocs\Sistema-de-Gestion-Docente\test\unitarios\EspaciosTest.php" line="104" assertions="1" time="0.005107"/>
        <testcase name="testRegistrar_ConEdificiosInvalidos with data set &quot;edificio muy largo&quot;" class="EspaciosTest" classname="EspaciosTest" file="D:\XAMPP\htdocs\Sistema-de-Gestion-Docente\test\unitarios\EspaciosTest.php" line="104" assertions="1" time="0.016085"/>
      </testsuite>
      <testsuite name="EspaciosTest::testRegistrar_ConTiposInvalidos" tests="5" assertions="5" errors="0" warnings="0" failures="0" skipped="0" time="0.011048">
        <testcase name="testRegistrar_ConTiposInvalidos with data set &quot;tipo null&quot;" class="EspaciosTest" classname="EspaciosTest" file="D:\XAMPP\htdocs\Sistema-de-Gestion-Docente\test\unitarios\EspaciosTest.php" line="119" assertions="1" time="0.002120"/>
        <testcase name="testRegistrar_ConTiposInvalidos with data set &quot;tipo vacío&quot;" class="EspaciosTest" classname="EspaciosTest" file="D:\XAMPP\htdocs\Sistema-de-Gestion-Docente\test\unitarios\EspaciosTest.php" line="119" assertions="1" time="0.001795"/>
        <testcase name="testRegistrar_ConTiposInvalidos with data set &quot;tipo espacios&quot;" class="EspaciosTest" classname="EspaciosTest" file="D:\XAMPP\htdocs\Sistema-de-Gestion-Docente\test\unitarios\EspaciosTest.php" line="119" assertions="1" time="0.002344"/>
        <testcase name="testRegistrar_ConTiposInvalidos with data set &quot;tipo muy corto&quot;" class="EspaciosTest" classname="EspaciosTest" file="D:\XAMPP\htdocs\Sistema-de-Gestion-Docente\test\unitarios\EspaciosTest.php" line="119" assertions="1" time="0.002355"/>
        <testcase name="testRegistrar_ConTiposInvalidos with data set &quot;tipo muy largo&quot;" class="EspaciosTest" classname="EspaciosTest" file="D:\XAMPP\htdocs\Sistema-de-Gestion-Docente\test\unitarios\EspaciosTest.php" line="119" assertions="1" time="0.002435"/>
      </testsuite>
      <testsuite name="EspaciosTest::testModificar_ConNumerosInvalidos" tests="4" assertions="4" errors="0" warnings="0" failures="0" skipped="0" time="0.013635">
        <testcase name="testModificar_ConNumerosInvalidos with data set &quot;número null&quot;" class="EspaciosTest" classname="EspaciosTest" file="D:\XAMPP\htdocs\Sistema-de-Gestion-Docente\test\unitarios\EspaciosTest.php" line="134" assertions="1" time="0.003962"/>
        <testcase name="testModificar_ConNumerosInvalidos with data set &quot;número vacío&quot;" class="EspaciosTest" classname="EspaciosTest" file="D:\XAMPP\htdocs\Sistema-de-Gestion-Docente\test\unitarios\EspaciosTest.php" line="134" assertions="1" time="0.002610"/>
        <testcase name="testModificar_ConNumerosInvalidos with data set &quot;número espacios&quot;" class="EspaciosTest" classname="EspaciosTest" file="D:\XAMPP\htdocs\Sistema-de-Gestion-Docente\test\unitarios\EspaciosTest.php" line="134" assertions="1" time="0.002262"/>
        <testcase name="testModificar_ConNumerosInvalidos with data set &quot;número muy largo&quot;" class="EspaciosTest" classname="EspaciosTest" file="D:\XAMPP\htdocs\Sistema-de-Gestion-Docente\test\unitarios\EspaciosTest.php" line="134" assertions="1" time="0.004801"/>
      </testsuite>
      <testcase name="testModificar_SinParametrosOriginales" class="EspaciosTest" classname="EspaciosTest" file="D:\XAMPP\htdocs\Sistema-de-Gestion-Docente\test\unitarios\EspaciosTest.php" line="148" assertions="1" time="0.002154"/>
      <testcase name="testModificar_EspacioNoExiste" class="EspaciosTest" classname="EspaciosTest" file="D:\XAMPP\htdocs\Sistema-de-Gestion-Docente\test\unitarios\EspaciosTest.php" line="162" assertions="2" time="0.006908"/>
      <testcase name="testModificar_SinCambios" class="EspaciosTest" classname="EspaciosTest" file="D:\XAMPP\htdocs\Sistema-de-Gestion-Docente\test\unitarios\EspaciosTest.php" line="187" assertions="2" time="0.008797"/>
      <testsuite name="EspaciosTest::testEliminar_ConParametrosInvalidos" tests="4" assertions="4" errors="0" warnings="0" failures="0" skipped="0" time="0.024825">
        <testcase name="testEliminar_ConParametrosInvalidos with data set &quot;número null&quot;" class="EspaciosTest" classname="EspaciosTest" file="D:\XAMPP\htdocs\Sistema-de-Gestion-Docente\test\unitarios\EspaciosTest.php" line="217" assertions="1" time="0.002753"/>
        <testcase name="testEliminar_ConParametrosInvalidos with data set &quot;número vacío&quot;" class="EspaciosTest" classname="EspaciosTest" file="D:\XAMPP\htdocs\Sistema-de-Gestion-Docente\test\unitarios\EspaciosTest.php" line="217" assertions="1" time="0.015479"/>
        <testcase name="testEliminar_ConParametrosInvalidos with data set &quot;número espacios&quot;" class="EspaciosTest" classname="EspaciosTest" file="D:\XAMPP\htdocs\Sistema-de-Gestion-Docente\test\unitarios\EspaciosTest.php" line="217" assertions="1" time="0.003140"/>
        <testcase name="testEliminar_ConParametrosInvalidos with data set &quot;número muy largo&quot;" class="EspaciosTest" classname="EspaciosTest" file="D:\XAMPP\htdocs\Sistema-de-Gestion-Docente\test\unitarios\EspaciosTest.php" line="217" assertions="1" time="0.003453"/>
      </testsuite>
      <testcase name="testEliminar_EspacioNoExiste" class="EspaciosTest" classname="EspaciosTest" file="D:\XAMPP\htdocs\Sistema-de-Gestion-Docente\test\unitarios\EspaciosTest.php" line="231" assertions="2" time="0.005851"/>
      <testcase name="testEliminar_EspacioYaDesactivado" class="EspaciosTest" classname="EspaciosTest" file="D:\XAMPP\htdocs\Sistema-de-Gestion-Docente\test\unitarios\EspaciosTest.php" line="256" assertions="2" time="0.006954"/>
    </testsuite>
    <testsuite name="LoginTest" file="D:\XAMPP\htdocs\Sistema-de-Gestion-Docente\test\unitarios\LoginTest.php" tests="24" assertions="40" errors="0" warnings="0" failures="0" skipped="0" time="0.573713">
      <testcase name="testExiste_Falla_UsuarioVacio" class="LoginTest" classname="LoginTest" file="D:\XAMPP\htdocs\Sistema-de-Gestion-Docente\test\unitarios\LoginTest.php" line="35" assertions="2" time="0.005377"/>
      <testcase name="testExiste_Falla_ContraseniaVacia" class="LoginTest" classname="LoginTest" file="D:\XAMPP\htdocs\Sistema-de-Gestion-Docente\test\unitarios\LoginTest.php" line="49" assertions="2" time="0.003780"/>
      <testcase name="testExiste_CredencialesCorrectas" class="LoginTest" classname="LoginTest" file="D:\XAMPP\htdocs\Sistema-de-Gestion-Docente\test\unitarios\LoginTest.php" line="63" assertions="4" time="0.204872"/>
      <testcase name="testExiste_ContraseniaIncorrecta" class="LoginTest" classname="LoginTest" file="D:\XAMPP\htdocs\Sistema-de-Gestion-Docente\test\unitarios\LoginTest.php" line="94" assertions="2" time="0.178701"/>
      <testcase name="testExiste_UsuarioNoEncontrado" class="LoginTest" classname="LoginTest" file="D:\XAMPP\htdocs\Sistema-de-Gestion-Docente\test\unitarios\LoginTest.php" line="123" assertions="2" time="0.012216"/>
      <testcase name="testEnviarCodigoRecuperacion_Falla_UsuarioVacio" class="LoginTest" classname="LoginTest" file="D:\XAMPP\htdocs\Sistema-de-Gestion-Docente\test\unitarios\LoginTest.php" line="140" assertions="1" time="0.002458"/>
      <testcase name="testEnviarCodigoRecuperacion_Falla_UsuarioNull" class="LoginTest" classname="LoginTest" file="D:\XAMPP\htdocs\Sistema-de-Gestion-Docente\test\unitarios\LoginTest.php" line="150" assertions="1" time="0.001868"/>
      <testcase name="testValidarCodigoRecuperacion_Falla_UsuarioVacio" class="LoginTest" classname="LoginTest" file="D:\XAMPP\htdocs\Sistema-de-Gestion-Docente\test\unitarios\LoginTest.php" line="160" assertions="1" time="0.002334"/>
      <testcase name="testValidarCodigoRecuperacion_Falla_CodigoVacio" class="LoginTest" classname="LoginTest" file="D:\XAMPP\htdocs\Sistema-de-Gestion-Docente\test\unitarios\LoginTest.php" line="170" assertions="1" time="0.001918"/>
      <testcase name="testValidarCodigoRecuperacion_CodigoCorrecto" class="LoginTest" classname="LoginTest" file="D:\XAMPP\htdocs\Sistema-de-Gestion-Docente\test\unitarios\LoginTest.php" line="180" assertions="1" time="0.002637"/>
      <testcase name="testValidarCodigoRecuperacion_CodigoExpirado" class="LoginTest" classname="LoginTest" file="D:\XAMPP\htdocs\Sistema-de-Gestion-Docente\test\unitarios\LoginTest.php" line="200" assertions="1" time="0.002718"/>
      <testcase name="testValidarCodigoRecuperacion_CodigoIncorrecto" class="LoginTest" classname="LoginTest" file="D:\XAMPP\htdocs\Sistema-de-Gestion-Docente\test\unitarios\LoginTest.php" line="220" assertions="1" time="0.002368"/>
      <testcase name="testCambiarClaveConToken_Falla_UsuarioVacio" class="LoginTest" classname="LoginTest" file="D:\XAMPP\htdocs\Sistema-de-Gestion-Docente\test\unitarios\LoginTest.php" line="240" assertions="1" time="0.025671"/>
      <testcase name="testCambiarClaveConToken_Falla_CodigoVacio" class="LoginTest" classname="LoginTest" file="D:\XAMPP\htdocs\Sistema-de-Gestion-Docente\test\unitarios\LoginTest.php" line="250" assertions="1" time="0.001986"/>
      <testcase name="testCambiarClaveConToken_Falla_ClaveVacia" class="LoginTest" classname="LoginTest" file="D:\XAMPP\htdocs\Sistema-de-Gestion-Docente\test\unitarios\LoginTest.php" line="260" assertions="1" time="0.001569"/>
      <testcase name="testCambiarClaveConToken_Falla_ClaveMuyCorta" class="LoginTest" classname="LoginTest" file="D:\XAMPP\htdocs\Sistema-de-Gestion-Docente\test\unitarios\LoginTest.php" line="270" assertions="1" time="0.002482"/>
      <testcase name="testCambiarClaveConToken_Exito" class="LoginTest" classname="LoginTest" file="D:\XAMPP\htdocs\Sistema-de-Gestion-Docente\test\unitarios\LoginTest.php" line="280" assertions="3" time="0.090811"/>
      <testcase name="testCambiarClaveConToken_TokenExpirado" class="LoginTest" classname="LoginTest" file="D:\XAMPP\htdocs\Sistema-de-Gestion-Docente\test\unitarios\LoginTest.php" line="306" assertions="1" time="0.002833"/>
      <testcase name="testCambiarClaveConToken_TokenIncorrecto" class="LoginTest" classname="LoginTest" file="D:\XAMPP\htdocs\Sistema-de-Gestion-Docente\test\unitarios\LoginTest.php" line="326" assertions="1" time="0.004594"/>
      <testcase name="testGetPermisos_Exito" class="LoginTest" classname="LoginTest" file="D:\XAMPP\htdocs\Sistema-de-Gestion-Docente\test\unitarios\LoginTest.php" line="339" assertions="6" time="0.004921"/>
      <testcase name="testGetPermisos_UsuarioSinRol" class="LoginTest" classname="LoginTest" file="D:\XAMPP\htdocs\Sistema-de-Gestion-Docente\test\unitarios\LoginTest.php" line="368" assertions="2" time="0.003828"/>
      <testcase name="testGetDatosUsuario_Exito" class="LoginTest" classname="LoginTest" file="D:\XAMPP\htdocs\Sistema-de-Gestion-Docente\test\unitarios\LoginTest.php" line="382" assertions="2" time="0.003208"/>
      <testcase name="testValidarCaptcha_TokenValido" class="LoginTest" classname="LoginTest" file="D:\XAMPP\htdocs\Sistema-de-Gestion-Docente\test\unitarios\LoginTest.php" line="396" assertions="1" time="0.006097"/>
      <testcase name="testValidarCaptcha_TokenInvalido" class="LoginTest" classname="LoginTest" file="D:\XAMPP\htdocs\Sistema-de-Gestion-Docente\test\unitarios\LoginTest.php" line="412" assertions="1" time="0.004465"/>
    </testsuite>
    <testsuite name="MallaTest" file="D:\XAMPP\htdocs\Sistema-de-Gestion-Docente\test\unitarios\MallaTest.php" tests="51" assertions="149" errors="0" warnings="0" failures="0" skipped="0" time="0.043565">
      <testcase name="testVerificarCondicionesParaRegistrar_Exito" class="MallaTest" classname="MallaTest" file="D:\XAMPP\htdocs\Sistema-de-Gestion-Docente\test\unitarios\MallaTest.php" line="20" assertions="5" time="0.002657"/>
      <testcase name="testVerificarCondicionesParaRegistrar_Falla_NoHayUCs" class="MallaTest" classname="MallaTest" file="D:\XAMPP\htdocs\Sistema-de-Gestion-Docente\test\unitarios\MallaTest.php" line="45" assertions="4" time="0.000481"/>
      <testcase name="testVerificarCondicionesParaRegistrar_Falla_FaltanTrayectos" class="MallaTest" classname="MallaTest" file="D:\XAMPP\htdocs\Sistema-de-Gestion-Docente\test\unitarios\MallaTest.php" line="58" assertions="5" time="0.000720"/>
      <testcase name="testVerificarCondicionesParaRegistrar_Falla_DBException" class="MallaTest" classname="MallaTest" file="D:\XAMPP\htdocs\Sistema-de-Gestion-Docente\test\unitarios\MallaTest.php" line="83" assertions="3" time="0.001347"/>
      <testcase name="testRegistrar_Falla_PorPropiedadNull_NOT_NULL_Constraint" class="MallaTest" classname="MallaTest" file="D:\XAMPP\htdocs\Sistema-de-Gestion-Docente\test\unitarios\MallaTest.php" line="93" assertions="3" time="0.001676"/>
      <testcase name="testRegistrar_Falla_UnidadConValoresNulos" class="MallaTest" classname="MallaTest" file="D:\XAMPP\htdocs\Sistema-de-Gestion-Docente\test\unitarios\MallaTest.php" line="126" assertions="3" time="0.000408"/>
      <testcase name="testRegistrar_Exito" class="MallaTest" classname="MallaTest" file="D:\XAMPP\htdocs\Sistema-de-Gestion-Docente\test\unitarios\MallaTest.php" line="142" assertions="5" time="0.001036"/>
      <testcase name="testRegistrar_Falla_UnidadesVacias" class="MallaTest" classname="MallaTest" file="D:\XAMPP\htdocs\Sistema-de-Gestion-Docente\test\unitarios\MallaTest.php" line="188" assertions="2" time="0.000343"/>
      <testcase name="testRegistrar_Falla_TrayectosFaltantes" class="MallaTest" classname="MallaTest" file="D:\XAMPP\htdocs\Sistema-de-Gestion-Docente\test\unitarios\MallaTest.php" line="194" assertions="2" time="0.000401"/>
      <testcase name="testRegistrar_Falla_CodigoYaExiste" class="MallaTest" classname="MallaTest" file="D:\XAMPP\htdocs\Sistema-de-Gestion-Docente\test\unitarios\MallaTest.php" line="202" assertions="2" time="0.000739"/>
      <testcase name="testRegistrar_Falla_CohorteYaExiste" class="MallaTest" classname="MallaTest" file="D:\XAMPP\htdocs\Sistema-de-Gestion-Docente\test\unitarios\MallaTest.php" line="216" assertions="2" time="0.000985"/>
      <testcase name="testRegistrar_Falla_DBExceptionEnValidacionTrayecto" class="MallaTest" classname="MallaTest" file="D:\XAMPP\htdocs\Sistema-de-Gestion-Docente\test\unitarios\MallaTest.php" line="231" assertions="2" time="0.000514"/>
      <testcase name="testRegistrar_Falla_NombreDemasiadoLargo" class="MallaTest" classname="MallaTest" file="D:\XAMPP\htdocs\Sistema-de-Gestion-Docente\test\unitarios\MallaTest.php" line="239" assertions="3" time="0.002193"/>
      <testcase name="testRegistrar_Exito_ConComillasYEspacios" class="MallaTest" classname="MallaTest" file="D:\XAMPP\htdocs\Sistema-de-Gestion-Docente\test\unitarios\MallaTest.php" line="273" assertions="2" time="0.004130"/>
      <testcase name="testExistecodigo_EsSensibleAMayusculas" class="MallaTest" classname="MallaTest" file="D:\XAMPP\htdocs\Sistema-de-Gestion-Docente\test\unitarios\MallaTest.php" line="307" assertions="1" time="0.000588"/>
      <testcase name="testRegistrar_Falla_CohorteNegativa" class="MallaTest" classname="MallaTest" file="D:\XAMPP\htdocs\Sistema-de-Gestion-Docente\test\unitarios\MallaTest.php" line="318" assertions="3" time="0.000928"/>
      <testcase name="testRegistrar_Falla_CohorteFlotante" class="MallaTest" classname="MallaTest" file="D:\XAMPP\htdocs\Sistema-de-Gestion-Docente\test\unitarios\MallaTest.php" line="352" assertions="3" time="0.001138"/>
      <testcase name="testRegistrar_Falla_NombreEsBooleanoFalse" class="MallaTest" classname="MallaTest" file="D:\XAMPP\htdocs\Sistema-de-Gestion-Docente\test\unitarios\MallaTest.php" line="386" assertions="3" time="0.000617"/>
      <testcase name="testRegistrar_Falla_DBExceptionEnInsert" class="MallaTest" classname="MallaTest" file="D:\XAMPP\htdocs\Sistema-de-Gestion-Docente\test\unitarios\MallaTest.php" line="420" assertions="3" time="0.000798"/>
      <testcase name="testRegistrar_Falla_DBExceptionEnInsertDeUCMalla" class="MallaTest" classname="MallaTest" file="D:\XAMPP\htdocs\Sistema-de-Gestion-Docente\test\unitarios\MallaTest.php" line="449" assertions="3" time="0.001156"/>
      <testcase name="testModificar_Falla_UnidadConValoresNulos" class="MallaTest" classname="MallaTest" file="D:\XAMPP\htdocs\Sistema-de-Gestion-Docente\test\unitarios\MallaTest.php" line="487" assertions="4" time="0.001404"/>
      <testcase name="testModificar_Exito_SinCambioDeCodigo" class="MallaTest" classname="MallaTest" file="D:\XAMPP\htdocs\Sistema-de-Gestion-Docente\test\unitarios\MallaTest.php" line="504" assertions="5" time="0.001802"/>
      <testcase name="testModificar_Exito_ConCambioDeCodigo" class="MallaTest" classname="MallaTest" file="D:\XAMPP\htdocs\Sistema-de-Gestion-Docente\test\unitarios\MallaTest.php" line="547" assertions="6" time="0.001452"/>
      <testcase name="testModificar_Falla_NuevoCodigoYaExiste" class="MallaTest" classname="MallaTest" file="D:\XAMPP\htdocs\Sistema-de-Gestion-Docente\test\unitarios\MallaTest.php" line="594" assertions="3" time="0.000837"/>
      <testcase name="testModificar_Falla_CohorteDuplicada" class="MallaTest" classname="MallaTest" file="D:\XAMPP\htdocs\Sistema-de-Gestion-Docente\test\unitarios\MallaTest.php" line="614" assertions="3" time="0.000473"/>
      <testcase name="testModificar_Falla_DBException" class="MallaTest" classname="MallaTest" file="D:\XAMPP\htdocs\Sistema-de-Gestion-Docente\test\unitarios\MallaTest.php" line="628" assertions="3" time="0.000540"/>
      <testcase name="testModificar_Falla_DBExceptionEnInsertDeUCMalla" class="MallaTest" classname="MallaTest" file="D:\XAMPP\htdocs\Sistema-de-Gestion-Docente\test\unitarios\MallaTest.php" line="647" assertions="3" time="0.000743"/>
      <testcase name="testConsultar_Exito" class="MallaTest" classname="MallaTest" file="D:\XAMPP\htdocs\Sistema-de-Gestion-Docente\test\unitarios\MallaTest.php" line="686" assertions="4" time="0.000425"/>
      <testcase name="testModificar_Falla_CambioCodigo_FKConstraint" class="MallaTest" classname="MallaTest" file="D:\XAMPP\htdocs\Sistema-de-Gestion-Docente\test\unitarios\MallaTest.php" line="704" assertions="3" time="0.001367"/>
      <testcase name="testRegistrar_Falla_NombreVacio" class="MallaTest" classname="MallaTest" file="D:\XAMPP\htdocs\Sistema-de-Gestion-Docente\test\unitarios\MallaTest.php" line="739" assertions="3" time="0.000949"/>
      <testcase name="testRegistrar_Falla_CohorteCero" class="MallaTest" classname="MallaTest" file="D:\XAMPP\htdocs\Sistema-de-Gestion-Docente\test\unitarios\MallaTest.php" line="773" assertions="3" time="0.001037"/>
      <testcase name="testConsultar_Falla_DBException" class="MallaTest" classname="MallaTest" file="D:\XAMPP\htdocs\Sistema-de-Gestion-Docente\test\unitarios\MallaTest.php" line="807" assertions="3" time="0.000400"/>
      <testcase name="testCambiarEstadoActivo_Falla_DBExceptionEnUpdate" class="MallaTest" classname="MallaTest" file="D:\XAMPP\htdocs\Sistema-de-Gestion-Docente\test\unitarios\MallaTest.php" line="816" assertions="3" time="0.000806"/>
      <testcase name="testCambiarEstadoActivo_Desactivar" class="MallaTest" classname="MallaTest" file="D:\XAMPP\htdocs\Sistema-de-Gestion-Docente\test\unitarios\MallaTest.php" line="840" assertions="6" time="0.001045"/>
      <testcase name="testCambiarEstadoActivo_Activar" class="MallaTest" classname="MallaTest" file="D:\XAMPP\htdocs\Sistema-de-Gestion-Docente\test\unitarios\MallaTest.php" line="865" assertions="6" time="0.000831"/>
      <testcase name="testCambiarEstadoActivo_Falla_DBException" class="MallaTest" classname="MallaTest" file="D:\XAMPP\htdocs\Sistema-de-Gestion-Docente\test\unitarios\MallaTest.php" line="889" assertions="3" time="0.000435"/>
      <testcase name="testExistecodigo_OK_CodigoEsIgualAlOriginal" class="MallaTest" classname="MallaTest" file="D:\XAMPP\htdocs\Sistema-de-Gestion-Docente\test\unitarios\MallaTest.php" line="901" assertions="2" time="0.000322"/>
      <testcase name="testExistecodigo_OK_CodigoEsNuevoYNoExiste" class="MallaTest" classname="MallaTest" file="D:\XAMPP\htdocs\Sistema-de-Gestion-Docente\test\unitarios\MallaTest.php" line="909" assertions="1" time="0.000286"/>
      <testcase name="testExistecodigo_Existe_CodigoEsNuevoPeroExiste" class="MallaTest" classname="MallaTest" file="D:\XAMPP\htdocs\Sistema-de-Gestion-Docente\test\unitarios\MallaTest.php" line="918" assertions="2" time="0.000272"/>
      <testcase name="testExistecodigo_Existe_CreandoNuevo" class="MallaTest" classname="MallaTest" file="D:\XAMPP\htdocs\Sistema-de-Gestion-Docente\test\unitarios\MallaTest.php" line="928" assertions="1" time="0.000331"/>
      <testcase name="testExistecodigo_Falla_DBException" class="MallaTest" classname="MallaTest" file="D:\XAMPP\htdocs\Sistema-de-Gestion-Docente\test\unitarios\MallaTest.php" line="937" assertions="2" time="0.000343"/>
      <testcase name="testExisteCohorte_Falla_PorTipoDeDatoIncorrecto" class="MallaTest" classname="MallaTest" file="D:\XAMPP\htdocs\Sistema-de-Gestion-Docente\test\unitarios\MallaTest.php" line="946" assertions="2" time="0.000483"/>
      <testcase name="testExisteCohorte_Existe_ModoRegistrar" class="MallaTest" classname="MallaTest" file="D:\XAMPP\htdocs\Sistema-de-Gestion-Docente\test\unitarios\MallaTest.php" line="958" assertions="1" time="0.000359"/>
      <testcase name="testExisteCohorte_NoExiste_ModoModificar" class="MallaTest" classname="MallaTest" file="D:\XAMPP\htdocs\Sistema-de-Gestion-Docente\test\unitarios\MallaTest.php" line="966" assertions="1" time="0.000497"/>
      <testcase name="testExisteCohorte_Existe_ModoModificar" class="MallaTest" classname="MallaTest" file="D:\XAMPP\htdocs\Sistema-de-Gestion-Docente\test\unitarios\MallaTest.php" line="977" assertions="1" time="0.000567"/>
      <testcase name="testExisteCohorte_Falla_DBException" class="MallaTest" classname="MallaTest" file="D:\XAMPP\htdocs\Sistema-de-Gestion-Docente\test\unitarios\MallaTest.php" line="988" assertions="2" time="0.000474"/>
      <testcase name="testObtenerUnidadesCurriculares_Exito" class="MallaTest" classname="MallaTest" file="D:\XAMPP\htdocs\Sistema-de-Gestion-Docente\test\unitarios\MallaTest.php" line="996" assertions="2" time="0.000380"/>
      <testcase name="testObtenerUnidadesCurriculares_Falla_DBException" class="MallaTest" classname="MallaTest" file="D:\XAMPP\htdocs\Sistema-de-Gestion-Docente\test\unitarios\MallaTest.php" line="1008" assertions="2" time="0.000349"/>
      <testcase name="testObtenerUnidadesPorMalla_Exito" class="MallaTest" classname="MallaTest" file="D:\XAMPP\htdocs\Sistema-de-Gestion-Docente\test\unitarios\MallaTest.php" line="1015" assertions="2" time="0.000508"/>
      <testcase name="testObtenerUnidadesPorMalla_Falla_DBException" class="MallaTest" classname="MallaTest" file="D:\XAMPP\htdocs\Sistema-de-Gestion-Docente\test\unitarios\MallaTest.php" line="1027" assertions="2" time="0.000360"/>
      <testcase name="testCambiarEstadoActivo_EstadoActualEsNuloOInvalido" class="MallaTest" classname="MallaTest" file="D:\XAMPP\htdocs\Sistema-de-Gestion-Docente\test\unitarios\MallaTest.php" line="1035" assertions="6" time="0.000632"/>
    </testsuite>
    <testsuite name="ProsecusionTest" file="D:\XAMPP\htdocs\Sistema-de-Gestion-Docente\test\unitarios\ProsecusionTest.php" tests="44" assertions="179" errors="0" warnings="0" failures="0" skipped="0" time="0.045154">
      <testcase name="testSettersYGetters" class="ProsecusionTest" classname="ProsecusionTest" file="D:\XAMPP\htdocs\Sistema-de-Gestion-Docente\test\unitarios\ProsecusionTest.php" line="39" assertions="2" time="0.003474"/>
      <testcase name="testConstructorConParametros" class="ProsecusionTest" classname="ProsecusionTest" file="D:\XAMPP\htdocs\Sistema-de-Gestion-Docente\test\unitarios\ProsecusionTest.php" line="50" assertions="2" time="0.002490"/>
      <testcase name="testConstructorSinParametros" class="ProsecusionTest" classname="ProsecusionTest" file="D:\XAMPP\htdocs\Sistema-de-Gestion-Docente\test\unitarios\ProsecusionTest.php" line="57" assertions="2" time="0.019391"/>
      <testcase name="testVerificarEstado_AnioActivoExiste" class="ProsecusionTest" classname="ProsecusionTest" file="D:\XAMPP\htdocs\Sistema-de-Gestion-Docente\test\unitarios\ProsecusionTest.php" line="64" assertions="6" time="0.000908"/>
      <testcase name="testVerificarEstado_NoExisteAnioActivo" class="ProsecusionTest" classname="ProsecusionTest" file="D:\XAMPP\htdocs\Sistema-de-Gestion-Docente\test\unitarios\ProsecusionTest.php" line="96" assertions="3" time="0.000383"/>
      <testcase name="testVerificarEstado_Falla_DBException" class="ProsecusionTest" classname="ProsecusionTest" file="D:\XAMPP\htdocs\Sistema-de-Gestion-Docente\test\unitarios\ProsecusionTest.php" line="111" assertions="3" time="0.000246"/>
      <testcase name="testObtenerOpcionesDestinoManual_Exito" class="ProsecusionTest" classname="ProsecusionTest" file="D:\XAMPP\htdocs\Sistema-de-Gestion-Docente\test\unitarios\ProsecusionTest.php" line="123" assertions="5" time="0.000354"/>
      <testcase name="testObtenerOpcionesDestinoManual_AnioOrigenNoEncontrado" class="ProsecusionTest" classname="ProsecusionTest" file="D:\XAMPP\htdocs\Sistema-de-Gestion-Docente\test\unitarios\ProsecusionTest.php" line="159" assertions="4" time="0.000312"/>
      <testcase name="testObtenerOpcionesDestinoManual_ListaVacia" class="ProsecusionTest" classname="ProsecusionTest" file="D:\XAMPP\htdocs\Sistema-de-Gestion-Docente\test\unitarios\ProsecusionTest.php" line="181" assertions="5" time="0.000299"/>
      <testcase name="testObtenerOpcionesDestinoManual_Falla_DBException" class="ProsecusionTest" classname="ProsecusionTest" file="D:\XAMPP\htdocs\Sistema-de-Gestion-Docente\test\unitarios\ProsecusionTest.php" line="205" assertions="3" time="0.000199"/>
[...]
        <testcase name="testModificar_ConNombresInvalidos with data set &quot;nombre espacios&quot;" class="UCTest" classname="UCTest" file="D:\XAMPP\htdocs\Sistema-de-Gestion-Docente\test\unitarios\UCTest.php" line="189" assertions="1" time="0.014301"/>
        <testcase name="testModificar_ConNombresInvalidos with data set &quot;nombre corto&quot;" class="UCTest" classname="UCTest" file="D:\XAMPP\htdocs\Sistema-de-Gestion-Docente\test\unitarios\UCTest.php" line="189" assertions="1" time="0.014766"/>
        <testcase name="testModificar_ConNombresInvalidos with data set &quot;nombre largo&quot;" class="UCTest" classname="UCTest" file="D:\XAMPP\htdocs\Sistema-de-Gestion-Docente\test\unitarios\UCTest.php" line="189" assertions="1" time="0.015622"/>
      </testsuite>
      <testcase name="testModificar_UCNoExiste" class="UCTest" classname="UCTest" file="D:\XAMPP\htdocs\Sistema-de-Gestion-Docente\test\unitarios\UCTest.php" line="202" assertions="2" time="0.006987"/>
      <testcase name="testModificar_SinCambios" class="UCTest" classname="UCTest" file="D:\XAMPP\htdocs\Sistema-de-Gestion-Docente\test\unitarios\UCTest.php" line="226" assertions="1" time="0.008635">
        <failure type="PHPUnit\Framework\ExpectationFailedException">UCTest::testModificar_SinCambios
Failed asserting that two strings are equal.
--- Expected
+++ Actual
@@ @@
-'modificar'
+'error'

D:\XAMPP\htdocs\Sistema-de-Gestion-Docente\test\unitarios\UCTest.php:247</failure>
      </testcase>
      <testcase name="testModificar_Exitoso" class="UCTest" classname="UCTest" file="D:\XAMPP\htdocs\Sistema-de-Gestion-Docente\test\unitarios\UCTest.php" line="253" assertions="1" time="0.004788"/>
      <testsuite name="UCTest::testEliminar_ConCodigosInvalidos" tests="5" assertions="5" errors="0" warnings="0" failures="0" skipped="0" time="0.024768">
        <testcase name="testEliminar_ConCodigosInvalidos with data set &quot;código null&quot;" class="UCTest" classname="UCTest" file="D:\XAMPP\htdocs\Sistema-de-Gestion-Docente\test\unitarios\UCTest.php" line="295" assertions="1" time="0.002336"/>
        <testcase name="testEliminar_ConCodigosInvalidos with data set &quot;código vacío&quot;" class="UCTest" classname="UCTest" file="D:\XAMPP\htdocs\Sistema-de-Gestion-Docente\test\unitarios\UCTest.php" line="295" assertions="1" time="0.002247"/>
        <testcase name="testEliminar_ConCodigosInvalidos with data set &quot;código espacios&quot;" class="UCTest" classname="UCTest" file="D:\XAMPP\htdocs\Sistema-de-Gestion-Docente\test\unitarios\UCTest.php" line="295" assertions="1" time="0.001993"/>
        <testcase name="testEliminar_ConCodigosInvalidos with data set &quot;código corto&quot;" class="UCTest" classname="UCTest" file="D:\XAMPP\htdocs\Sistema-de-Gestion-Docente\test\unitarios\UCTest.php" line="295" assertions="1" time="0.002565"/>
        <testcase name="testEliminar_ConCodigosInvalidos with data set &quot;código largo&quot;" class="UCTest" classname="UCTest" file="D:\XAMPP\htdocs\Sistema-de-Gestion-Docente\test\unitarios\UCTest.php" line="295" assertions="1" time="0.015627"/>
      </testsuite>
      <testcase name="testEliminar_UCNoExiste" class="UCTest" classname="UCTest" file="D:\XAMPP\htdocs\Sistema-de-Gestion-Docente\test\unitarios\UCTest.php" line="307" assertions="2" time="0.004433"/>
      <testcase name="testEliminar_Exitoso" class="UCTest" classname="UCTest" file="D:\XAMPP\htdocs\Sistema-de-Gestion-Docente\test\unitarios\UCTest.php" line="328" assertions="1" time="0.004969"/>
    </testsuite>
    <testsuite name="UsuarioTest" file="D:\XAMPP\htdocs\Sistema-de-Gestion-Docente\test\unitarios\UsuarioTest.php" tests="37" assertions="40" errors="0" warnings="0" failures="0" skipped="0" time="0.604481">
      <testcase name="testSetAndGetNombreUsuario" class="UsuarioTest" classname="UsuarioTest" file="D:\XAMPP\htdocs\Sistema-de-Gestion-Docente\test\unitarios\UsuarioTest.php" line="61" assertions="1" time="0.002248"/>
      <testcase name="testSetAndGetCorreoUsuario" class="UsuarioTest" classname="UsuarioTest" file="D:\XAMPP\htdocs\Sistema-de-Gestion-Docente\test\unitarios\UsuarioTest.php" line="70" assertions="1" time="0.002126"/>
      <testsuite name="UsuarioTest::testRegistrar_ConNombresInvalidos" tests="5" assertions="5" errors="0" warnings="0" failures="0" skipped="0" time="0.034178">
        <testcase name="testRegistrar_ConNombresInvalidos with data set &quot;nombre null&quot;" class="UsuarioTest" classname="UsuarioTest" file="D:\XAMPP\htdocs\Sistema-de-Gestion-Docente\test\unitarios\UsuarioTest.php" line="80" assertions="1" time="0.002116"/>
        <testcase name="testRegistrar_ConNombresInvalidos with data set &quot;nombre vacío&quot;" class="UsuarioTest" classname="UsuarioTest" file="D:\XAMPP\htdocs\Sistema-de-Gestion-Docente\test\unitarios\UsuarioTest.php" line="80" assertions="1" time="0.025858"/>
        <testcase name="testRegistrar_ConNombresInvalidos with data set &quot;nombre espacios&quot;" class="UsuarioTest" classname="UsuarioTest" file="D:\XAMPP\htdocs\Sistema-de-Gestion-Docente\test\unitarios\UsuarioTest.php" line="80" assertions="1" time="0.002887"/>
        <testcase name="testRegistrar_ConNombresInvalidos with data set &quot;nombre corto&quot;" class="UsuarioTest" classname="UsuarioTest" file="D:\XAMPP\htdocs\Sistema-de-Gestion-Docente\test\unitarios\UsuarioTest.php" line="80" assertions="1" time="0.001871"/>
        <testcase name="testRegistrar_ConNombresInvalidos with data set &quot;nombre largo&quot;" class="UsuarioTest" classname="UsuarioTest" file="D:\XAMPP\htdocs\Sistema-de-Gestion-Docente\test\unitarios\UsuarioTest.php" line="80" assertions="1" time="0.001447"/>
      </testsuite>
      <testsuite name="UsuarioTest::testRegistrar_ConCorreosInvalidos" tests="5" assertions="5" errors="0" warnings="0" failures="0" skipped="0" time="0.011116">
        <testcase name="testRegistrar_ConCorreosInvalidos with data set &quot;correo null&quot;" class="UsuarioTest" classname="UsuarioTest" file="D:\XAMPP\htdocs\Sistema-de-Gestion-Docente\test\unitarios\UsuarioTest.php" line="95" assertions="1" time="0.002248"/>
        <testcase name="testRegistrar_ConCorreosInvalidos with data set &quot;correo vacío&quot;" class="UsuarioTest" classname="UsuarioTest" file="D:\XAMPP\htdocs\Sistema-de-Gestion-Docente\test\unitarios\UsuarioTest.php" line="95" assertions="1" time="0.001560"/>
        <testcase name="testRegistrar_ConCorreosInvalidos with data set &quot;correo sin @&quot;" class="UsuarioTest" classname="UsuarioTest" file="D:\XAMPP\htdocs\Sistema-de-Gestion-Docente\test\unitarios\UsuarioTest.php" line="95" assertions="1" time="0.003135"/>
        <testcase name="testRegistrar_ConCorreosInvalidos with data set &quot;correo sin dominio&quot;" class="UsuarioTest" classname="UsuarioTest" file="D:\XAMPP\htdocs\Sistema-de-Gestion-Docente\test\unitarios\UsuarioTest.php" line="95" assertions="1" time="0.002362"/>
        <testcase name="testRegistrar_ConCorreosInvalidos with data set &quot;correo formato inválido&quot;" class="UsuarioTest" classname="UsuarioTest" file="D:\XAMPP\htdocs\Sistema-de-Gestion-Docente\test\unitarios\UsuarioTest.php" line="95" assertions="1" time="0.001810"/>
      </testsuite>
      <testsuite name="UsuarioTest::testRegistrar_ConContraseniasInvalidas" tests="3" assertions="3" errors="0" warnings="0" failures="0" skipped="0" time="0.041113">
        <testcase name="testRegistrar_ConContraseniasInvalidas with data set &quot;contraseña null&quot;" class="UsuarioTest" classname="UsuarioTest" file="D:\XAMPP\htdocs\Sistema-de-Gestion-Docente\test\unitarios\UsuarioTest.php" line="110" assertions="1" time="0.023776"/>
        <testcase name="testRegistrar_ConContraseniasInvalidas with data set &quot;contraseña vacía&quot;" class="UsuarioTest" classname="UsuarioTest" file="D:\XAMPP\htdocs\Sistema-de-Gestion-Docente\test\unitarios\UsuarioTest.php" line="110" assertions="1" time="0.015646"/>
        <testcase name="testRegistrar_ConContraseniasInvalidas with data set &quot;contraseña corta&quot;" class="UsuarioTest" classname="UsuarioTest" file="D:\XAMPP\htdocs\Sistema-de-Gestion-Docente\test\unitarios\UsuarioTest.php" line="110" assertions="1" time="0.001691"/>
      </testsuite>
      <testcase name="testRegistrar_UsuarioYaExiste" class="UsuarioTest" classname="UsuarioTest" file="D:\XAMPP\htdocs\Sistema-de-Gestion-Docente\test\unitarios\UsuarioTest.php" line="124" assertions="2" time="0.029561"/>
      <testcase name="testRegistrar_Exitoso" class="UsuarioTest" classname="UsuarioTest" file="D:\XAMPP\htdocs\Sistema-de-Gestion-Docente\test\unitarios\UsuarioTest.php" line="147" assertions="1" time="0.088958"/>
      <testsuite name="UsuarioTest::testRegistrar_ConDatosValidos" tests="3" assertions="3" errors="0" warnings="0" failures="0" skipped="0" time="0.274587">
        <testcase name="testRegistrar_ConDatosValidos with data set &quot;usuario básico&quot;" class="UsuarioTest" classname="UsuarioTest" file="D:\XAMPP\htdocs\Sistema-de-Gestion-Docente\test\unitarios\UsuarioTest.php" line="181" assertions="1" time="0.091184"/>
        <testcase name="testRegistrar_ConDatosValidos with data set &quot;usuario con espacios&quot;" class="UsuarioTest" classname="UsuarioTest" file="D:\XAMPP\htdocs\Sistema-de-Gestion-Docente\test\unitarios\UsuarioTest.php" line="181" assertions="1" time="0.091813"/>
        <testcase name="testRegistrar_ConDatosValidos with data set &quot;correo largo&quot;" class="UsuarioTest" classname="UsuarioTest" file="D:\XAMPP\htdocs\Sistema-de-Gestion-Docente\test\unitarios\UsuarioTest.php" line="181" assertions="1" time="0.091590"/>
      </testsuite>
      <testcase name="testModificar_UsuarioNull" class="UsuarioTest" classname="UsuarioTest" file="D:\XAMPP\htdocs\Sistema-de-Gestion-Docente\test\unitarios\UsuarioTest.php" line="205" assertions="1" time="0.013928"/>
      <testsuite name="UsuarioTest::testModificar_ConNombresInvalidos" tests="5" assertions="5" errors="0" warnings="0" failures="0" skipped="0" time="0.028642">
        <testcase name="testModificar_ConNombresInvalidos with data set &quot;nombre null&quot;" class="UsuarioTest" classname="UsuarioTest" file="D:\XAMPP\htdocs\Sistema-de-Gestion-Docente\test\unitarios\UsuarioTest.php" line="216" assertions="1" time="0.001864"/>
        <testcase name="testModificar_ConNombresInvalidos with data set &quot;nombre vacío&quot;" class="UsuarioTest" classname="UsuarioTest" file="D:\XAMPP\htdocs\Sistema-de-Gestion-Docente\test\unitarios\UsuarioTest.php" line="216" assertions="1" time="0.001478"/>
        <testcase name="testModificar_ConNombresInvalidos with data set &quot;nombre espacios&quot;" class="UsuarioTest" classname="UsuarioTest" file="D:\XAMPP\htdocs\Sistema-de-Gestion-Docente\test\unitarios\UsuarioTest.php" line="216" assertions="1" time="0.011343"/>
        <testcase name="testModificar_ConNombresInvalidos with data set &quot;nombre corto&quot;" class="UsuarioTest" classname="UsuarioTest" file="D:\XAMPP\htdocs\Sistema-de-Gestion-Docente\test\unitarios\UsuarioTest.php" line="216" assertions="1" time="0.002422"/>
        <testcase name="testModificar_ConNombresInvalidos with data set &quot;nombre largo&quot;" class="UsuarioTest" classname="UsuarioTest" file="D:\XAMPP\htdocs\Sistema-de-Gestion-Docente\test\unitarios\UsuarioTest.php" line="216" assertions="1" time="0.011534"/>
      </testsuite>
      <testsuite name="UsuarioTest::testModificar_ConCorreosInvalidos" tests="5" assertions="5" errors="0" warnings="0" failures="0" skipped="0" time="0.022860">
        <testcase name="testModificar_ConCorreosInvalidos with data set &quot;correo null&quot;" class="UsuarioTest" classname="UsuarioTest" file="D:\XAMPP\htdocs\Sistema-de-Gestion-Docente\test\unitarios\UsuarioTest.php" line="227" assertions="1" time="0.001600"/>
        <testcase name="testModificar_ConCorreosInvalidos with data set &quot;correo vacío&quot;" class="UsuarioTest" classname="UsuarioTest" file="D:\XAMPP\htdocs\Sistema-de-Gestion-Docente\test\unitarios\UsuarioTest.php" line="227" assertions="1" time="0.013285"/>
        <testcase name="testModificar_ConCorreosInvalidos with data set &quot;correo sin @&quot;" class="UsuarioTest" classname="UsuarioTest" file="D:\XAMPP\htdocs\Sistema-de-Gestion-Docente\test\unitarios\UsuarioTest.php" line="227" assertions="1" time="0.003008"/>
        <testcase name="testModificar_ConCorreosInvalidos with data set &quot;correo sin dominio&quot;" class="UsuarioTest" classname="UsuarioTest" file="D:\XAMPP\htdocs\Sistema-de-Gestion-Docente\test\unitarios\UsuarioTest.php" line="227" assertions="1" time="0.002368"/>
        <testcase name="testModificar_ConCorreosInvalidos with data set &quot;correo formato inválido&quot;" class="UsuarioTest" classname="UsuarioTest" file="D:\XAMPP\htdocs\Sistema-de-Gestion-Docente\test\unitarios\UsuarioTest.php" line="227" assertions="1" time="0.002598"/>
      </testsuite>
      <testcase name="testModificar_UsuarioNoExiste" class="UsuarioTest" classname="UsuarioTest" file="D:\XAMPP\htdocs\Sistema-de-Gestion-Docente\test\unitarios\UsuarioTest.php" line="237" assertions="2" time="0.005119"/>
      <testcase name="testModificar_Exitoso" class="UsuarioTest" classname="UsuarioTest" file="D:\XAMPP\htdocs\Sistema-de-Gestion-Docente\test\unitarios\UsuarioTest.php" line="259" assertions="1" time="0.004173"/>
      <testcase name="testEliminar_UsuarioNull" class="UsuarioTest" classname="UsuarioTest" file="D:\XAMPP\htdocs\Sistema-de-Gestion-Docente\test\unitarios\UsuarioTest.php" line="279" assertions="1" time="0.025324"/>
      <testcase name="testEliminar_UsuarioVacio" class="UsuarioTest" classname="UsuarioTest" file="D:\XAMPP\htdocs\Sistema-de-Gestion-Docente\test\unitarios\UsuarioTest.php" line="289" assertions="1" time="0.001636"/>
      <testcase name="testEliminar_UsuarioNoExiste" class="UsuarioTest" classname="UsuarioTest" file="D:\XAMPP\htdocs\Sistema-de-Gestion-Docente\test\unitarios\UsuarioTest.php" line="299" assertions="2" time="0.015685"/>
      <testcase name="testEliminar_Exitoso" class="UsuarioTest" classname="UsuarioTest" file="D:\XAMPP\htdocs\Sistema-de-Gestion-Docente\test\unitarios\UsuarioTest.php" line="321" assertions="1" time="0.003226"/>
    </testsuite>
    <testsuite name="DocenteTest" file="D:\XAMPP\htdocs\Sistema-de-Gestion-Docente\test\unitarios\docenteTest.php" tests="24" assertions="97" errors="0" warnings="0" failures="0" skipped="0" time="0.120380">
      <testcase name="testRegistrar_Falla_DocenteActivo" class="DocenteTest" classname="DocenteTest" file="D:\XAMPP\htdocs\Sistema-de-Gestion-Docente\test\unitarios\docenteTest.php" line="63" assertions="4" time="0.024985"/>
      <testcase name="testRegistrar_ReactivacionDocenteInactivo" class="DocenteTest" classname="DocenteTest" file="D:\XAMPP\htdocs\Sistema-de-Gestion-Docente\test\unitarios\docenteTest.php" line="91" assertions="11" time="0.003571"/>
      <testcase name="testRegistrar_FallaEnInsertPrincipal" class="DocenteTest" classname="DocenteTest" file="D:\XAMPP\htdocs\Sistema-de-Gestion-Docente\test\unitarios\docenteTest.php" line="181" assertions="4" time="0.002427"/>
      <testcase name="testModificar_DocenteNoExiste_RetornaError" class="DocenteTest" classname="DocenteTest" file="D:\XAMPP\htdocs\Sistema-de-Gestion-Docente\test\unitarios\docenteTest.php" line="216" assertions="2" time="0.002727"/>
      <testcase name="testModificar_ActualizaCorrectamente" class="DocenteTest" classname="DocenteTest" file="D:\XAMPP\htdocs\Sistema-de-Gestion-Docente\test\unitarios\docenteTest.php" line="228" assertions="10" time="0.002879"/>
      <testcase name="testModificar_ErrorDuranteActualizacion" class="DocenteTest" classname="DocenteTest" file="D:\XAMPP\htdocs\Sistema-de-Gestion-Docente\test\unitarios\docenteTest.php" line="290" assertions="4" time="0.002405"/>
      <testcase name="testEliminar_DocenteNoExiste" class="DocenteTest" classname="DocenteTest" file="D:\XAMPP\htdocs\Sistema-de-Gestion-Docente\test\unitarios\docenteTest.php" line="319" assertions="2" time="0.002562"/>
      <testcase name="testEliminar_Exito" class="DocenteTest" classname="DocenteTest" file="D:\XAMPP\htdocs\Sistema-de-Gestion-Docente\test\unitarios\docenteTest.php" line="331" assertions="4" time="0.002320"/>
      <testcase name="testEliminar_ErrorEnUpdate" class="DocenteTest" classname="DocenteTest" file="D:\XAMPP\htdocs\Sistema-de-Gestion-Docente\test\unitarios\docenteTest.php" line="357" assertions="4" time="0.002211"/>
      <testcase name="testActivar_Exito" class="DocenteTest" classname="DocenteTest" file="D:\XAMPP\htdocs\Sistema-de-Gestion-Docente\test\unitarios\docenteTest.php" line="382" assertions="4" time="0.001870"/>
      <testcase name="testActivar_Error" class="DocenteTest" classname="DocenteTest" file="D:\XAMPP\htdocs\Sistema-de-Gestion-Docente\test\unitarios\docenteTest.php" line="407" assertions="4" time="0.002738"/>
      <testcase name="testListar_Exito" class="DocenteTest" classname="DocenteTest" file="D:\XAMPP\htdocs\Sistema-de-Gestion-Docente\test\unitarios\docenteTest.php" line="431" assertions="7" time="0.002915"/>
      <testcase name="testListar_ErrorEnConsulta" class="DocenteTest" classname="DocenteTest" file="D:\XAMPP\htdocs\Sistema-de-Gestion-Docente\test\unitarios\docenteTest.php" line="495" assertions="3" time="0.001880"/>
      <testcase name="testExiste_RetornaTrue" class="DocenteTest" classname="DocenteTest" file="D:\XAMPP\htdocs\Sistema-de-Gestion-Docente\test\unitarios\docenteTest.php" line="513" assertions="3" time="0.002295"/>
      <testcase name="testExiste_RetornaFalseCuandoNoHayRegistros" class="DocenteTest" classname="DocenteTest" file="D:\XAMPP\htdocs\Sistema-de-Gestion-Docente\test\unitarios\docenteTest.php" line="536" assertions="2" time="0.024254"/>
      <testcase name="testExiste_RetornaFalseAnteExcepcion" class="DocenteTest" classname="DocenteTest" file="D:\XAMPP\htdocs\Sistema-de-Gestion-Docente\test\unitarios\docenteTest.php" line="555" assertions="2" time="0.001906"/>
      <testcase name="testObtenerHorasActividad_Encontradas" class="DocenteTest" classname="DocenteTest" file="D:\XAMPP\htdocs\Sistema-de-Gestion-Docente\test\unitarios\docenteTest.php" line="570" assertions="4" time="0.001633"/>
      <testcase name="testObtenerHorasActividad_NoEncontradas" class="DocenteTest" classname="DocenteTest" file="D:\XAMPP\htdocs\Sistema-de-Gestion-Docente\test\unitarios\docenteTest.php" line="598" assertions="3" time="0.002413"/>
      <testcase name="testObtenerHorasActividad_Error" class="DocenteTest" classname="DocenteTest" file="D:\XAMPP\htdocs\Sistema-de-Gestion-Docente\test\unitarios\docenteTest.php" line="617" assertions="3" time="0.002096"/>
      <testcase name="testObtenerPreferenciasHorario_ConDatos" class="DocenteTest" classname="DocenteTest" file="D:\XAMPP\htdocs\Sistema-de-Gestion-Docente\test\unitarios\docenteTest.php" line="632" assertions="4" time="0.001695"/>
      <testcase name="testObtenerPreferenciasHorario_Error" class="DocenteTest" classname="DocenteTest" file="D:\XAMPP\htdocs\Sistema-de-Gestion-Docente\test\unitarios\docenteTest.php" line="657" assertions="3" time="0.020241"/>
      <testcase name="testVerificarEnHorario_ConAsignaciones" class="DocenteTest" classname="DocenteTest" file="D:\XAMPP\htdocs\Sistema-de-Gestion-Docente\test\unitarios\docenteTest.php" line="672" assertions="4" time="0.002844"/>
      <testcase name="testVerificarEnHorario_SinAsignaciones" class="DocenteTest" classname="DocenteTest" file="D:\XAMPP\htdocs\Sistema-de-Gestion-Docente\test\unitarios\docenteTest.php" line="697" assertions="3" time="0.003035"/>
      <testcase name="testVerificarEnHorario_Error" class="DocenteTest" classname="DocenteTest" file="D:\XAMPP\htdocs\Sistema-de-Gestion-Docente\test\unitarios\docenteTest.php" line="719" assertions="3" time="0.002479"/>
    </testsuite>
  </testsuite>
</testsuites>
